00:00:00.075296 VirtualBox DHCP Server 6.1.16 r140961 win.amd64 (Oct 16 2020 16:31:20) release log
00:00:00.075298 Log opened 2021-01-06T14:05:31.758197200Z
00:00:00.075298 Build Type: release
00:00:00.075300 OS Product: Windows 10
00:00:00.075301 OS Release: 10.0.18363
00:00:00.075301 OS Service Pack: 
00:00:00.612821 DMI Product Name: Z390 UD
00:00:00.625059 DMI Product Version: Default string
00:00:00.625066 Firmware type: UEFI
00:00:00.625393 Secure Boot: VERR_PRIVILEGE_NOT_HELD
00:00:00.625409 Host RAM: 16316MB (15.9GB) total, 10781MB (10.5GB) available
00:00:00.625413 Executable: E:\Program Files\Oracle\VirtualBox\VBoxNetDHCP.exe
00:00:00.625413 Process ID: 2296
00:00:00.625413 Package type: WINDOWS_64BITS_GENERIC
00:00:00.625489 --config:  HostInterfaceNetworking-VirtualBox Host-Only Ethernet Adapter #2
00:00:00.625497 --comment: HostInterfaceNetworking-VirtualBox Host-Only Ethernet Adapter #2
00:00:00.626323 IP address:   192.168.102.2/24
00:00:00.626332 Address pool: 192.168.102.3 - 192.168.102.254
00:00:00.626412 MAC address is not specified: will use generated MAC 08:00:27:8c:67:f6
00:00:00.626428 Db::i_enterFixedAddressAssignment: 08:00:27:8c:67:f6: 192.168.102.2
00:00:00.626444 loading leases from C:\Users\Diego\.VirtualBox\HostInterfaceNetworking-VirtualBox Host-Only Ethernet Adapter #2-Dhcpd.leases
00:00:00.626591 Runtime error opening 'C:\Users\Diego\.VirtualBox\HostInterfaceNetworking-VirtualBox Host-Only Ethernet Adapter #2-Dhcpd.leases' for reading: -102 (File not found.)
00:00:00.627786 DISCOVER xid 0x7bc14aa9 chaddr 0a:00:27:00:00:33
00:00:00.627804  ciaddr 0.0.0.0 broadcast
00:00:00.627813  client id: 01 0a 00 27 00 00 33
00:00:00.627817  params { 1 3 }
00:00:00.627843 > allocateAddress to client [01:0a:00:27:00:00:33] (0a:00:27:00:00:33)
00:00:00.627850 > .... creating new binding
00:00:00.627854 > .... allocated 192.168.102.3 free
00:00:00.627858 Lease time 600 secs (default)
00:00:00.627864 >>> requested option 1 (SubnetMask)
00:00:00.627868 ... always supplied
00:00:00.627872 >>> requested option 3 (Routers)
00:00:00.627876 ... not found
00:00:00.627881 encoding option 1 (SubnetMask)
00:00:00.627886 encoding option 51 (LeaseTime)
00:00:00.627890 OFFER xid 0x7bc14aa9 chaddr 0a:00:27:00:00:33
00:00:00.627902  ciaddr 0.0.0.0 yiaddr 192.168.102.3 broadcast
00:00:00.627913 encoded message: 548 bytes
00:00:00.627914 00000000024f5be0/0000: 02 01 06 00 a9 4a c1 7b-00 00 00 00 00 00 00 00 .....J.{........
00:00:00.627917 00000000024f5bf0/0010: c0 a8 66 03 00 00 00 00-00 00 00 00 0a 00 27 00 ..f...........'.
00:00:00.627918 00000000024f5c00/0020: 00 33 00 00 00 00 00 00-00 00 00 00 00 00 00 00 .3..............
00:00:00.627920 00000000024f5c10/0030: 00 00 00 00 00 00 00 00-00 00 00 00 00 00 00 00 ................
00:00:00.627921 00000000024f5c20/0040: 00 00 00 00 00 00 00 00-00 00 00 00 00 00 00 00 ................
00:00:00.627922 00000000024f5c30/0050: 00 00 00 00 00 00 00 00-00 00 00 00 00 00 00 00 ................
00:00:00.627922 00000000024f5c40/0060: 00 00 00 00 00 00 00 00-00 00 00 00 00 00 00 00 ................
00:00:00.627923 00000000024f5c50/0070: 00 00 00 00 00 00 00 00-00 00 00 00 00 00 00 00 ................
00:00:00.627924 00000000024f5c60/0080: 00 00 00 00 00 00 00 00-00 00 00 00 00 00 00 00 ................
00:00:00.627925 00000000024f5c70/0090: 00 00 00 00 00 00 00 00-00 00 00 00 00 00 00 00 ................
00:00:00.627926 00000000024f5c80/00a0: 00 00 00 00 00 00 00 00-00 00 00 00 00 00 00 00 ................
00:00:00.627927 00000000024f5c90/00b0: 00 00 00 00 00 00 00 00-00 00 00 00 00 00 00 00 ................
00:00:00.627928 00000000024f5ca0/00c0: 00 00 00 00 00 00 00 00-00 00 00 00 00 00 00 00 ................
00:00:00.627929 00000000024f5cb0/00d0: 00 00 00 00 00 00 00 00-00 00 00 00 00 00 00 00 ................
00:00:00.627930 00000000024f5cc0/00e0: 00 00 00 00 00 00 00 00-00 00 00 00 63 82 53 63 ............c.Sc
00:00:00.627931 00000000024f5cd0/00f0: 36 04 c0 a8 66 02 35 01-02 01 04 ff ff ff 00 33 6...f.5........3
00:00:00.627932 00000000024f5ce0/0100: 04 00 00 02 58 ff 00 00-00 00 00 00 00 00 00 00 ....X...........
00:00:00.627933 00000000024f5cf0/0110: 00 00 00 00 00 00 00 00-00 00 00 00 00 00 00 00 ................
00:00:00.627934 00000000024f5d00/0120: 00 00 00 00 00 00 00 00-00 00 00 00 00 00 00 00 ................
00:00:00.627935 00000000024f5d10/0130: 00 00 00 00 00 00 00 00-00 00 00 00 00 00 00 00 ................
00:00:00.627936 00000000024f5d20/0140: 00 00 00 00 00 00 00 00-00 00 00 00 00 00 00 00 ................
00:00:00.627937 00000000024f5d30/0150: 00 00 00 00 00 00 00 00-00 00 00 00 00 00 00 00 ................
00:00:00.627938 00000000024f5d40/0160: 00 00 00 00 00 00 00 00-00 00 00 00 00 00 00 00 ................
00:00:00.627939 00000000024f5d50/0170: 00 00 00 00 00 00 00 00-00 00 00 00 00 00 00 00 ................
00:00:00.627940 00000000024f5d60/0180: 00 00 00 00 00 00 00 00-00 00 00 00 00 00 00 00 ................
00:00:00.627941 00000000024f5d70/0190: 00 00 00 00 00 00 00 00-00 00 00 00 00 00 00 00 ................
00:00:00.627942 00000000024f5d80/01a0: 00 00 00 00 00 00 00 00-00 00 00 00 00 00 00 00 ................
00:00:00.627943 00000000024f5d90/01b0: 00 00 00 00 00 00 00 00-00 00 00 00 00 00 00 00 ................
00:00:00.627944 00000000024f5da0/01c0: 00 00 00 00 00 00 00 00-00 00 00 00 00 00 00 00 ................
00:00:00.627945 00000000024f5db0/01d0: 00 00 00 00 00 00 00 00-00 00 00 00 00 00 00 00 ................
00:00:00.627946 00000000024f5dc0/01e0: 00 00 00 00 00 00 00 00-00 00 00 00 00 00 00 00 ................
00:00:00.627947 00000000024f5dd0/01f0: 00 00 00 00 00 00 00 00-00 00 00 00 00 00 00 00 ................
00:00:00.627948 00000000024f5de0/0200: 00 00 00 00 00 00 00 00-00 00 00 00 00 00 00 00 ................
00:00:00.627949 00000000024f5df0/0210: 00 00 00 00 00 00 00 00-00 00 00 00 00 00 00 00 ................
00:00:00.627950 00000000024f5e00/0220: 00 00 00 00                                     ....
00:00:01.631836 DISCOVER xid 0x5ba74529 chaddr 0a:00:27:00:00:33
00:00:01.631869  ciaddr 0.0.0.0 broadcast
00:00:01.631878  client id: 01 0a 00 27 00 00 33
00:00:01.631883  params { 1 3 }
00:00:01.631899 > allocateAddress to client [01:0a:00:27:00:00:33] (0a:00:27:00:00:33)
00:00:01.631905 > ... found existing binding 192.168.102.3 to [01:0a:00:27:00:00:33] (0a:00:27:00:00:33), offered, valid from 2021-01-06T14:05:32Z for 600s until 2021-01-06T14:15:32Z
00:00:01.631913 Lease time 600 secs (default)
00:00:01.631919 >>> requested option 1 (SubnetMask)
00:00:01.631923 ... always supplied
00:00:01.631927 >>> requested option 3 (Routers)
00:00:01.631931 ... not found
00:00:01.631937 encoding option 1 (SubnetMask)
00:00:01.631941 encoding option 51 (LeaseTime)
00:00:01.631948 OFFER xid 0x5ba74529 chaddr 0a:00:27:00:00:33
00:00:01.631960  ciaddr 0.0.0.0 yiaddr 192.168.102.3 broadcast
00:00:01.631971 encoded message: 548 bytes
00:00:01.631972 00000000024f5ab0/0000: 02 01 06 00 29 45 a7 5b-00 00 00 00 00 00 00 00 ....)E.[........
00:00:01.631974 00000000024f5ac0/0010: c0 a8 66 03 00 00 00 00-00 00 00 00 0a 00 27 00 ..f...........'.
00:00:01.631975 00000000024f5ad0/0020: 00 33 00 00 00 00 00 00-00 00 00 00 00 00 00 00 .3..............
00:00:01.631976 00000000024f5ae0/0030: 00 00 00 00 00 00 00 00-00 00 00 00 00 00 00 00 ................
00:00:01.631977 00000000024f5af0/0040: 00 00 00 00 00 00 00 00-00 00 00 00 00 00 00 00 ................
00:00:01.631978 00000000024f5b00/0050: 00 00 00 00 00 00 00 00-00 00 00 00 00 00 00 00 ................
00:00:01.631979 00000000024f5b10/0060: 00 00 00 00 00 00 00 00-00 00 00 00 00 00 00 00 ................
00:00:01.631980 00000000024f5b20/0070: 00 00 00 00 00 00 00 00-00 00 00 00 00 00 00 00 ................
00:00:01.631981 00000000024f5b30/0080: 00 00 00 00 00 00 00 00-00 00 00 00 00 00 00 00 ................
00:00:01.631982 00000000024f5b40/0090: 00 00 00 00 00 00 00 00-00 00 00 00 00 00 00 00 ................
00:00:01.631983 00000000024f5b50/00a0: 00 00 00 00 00 00 00 00-00 00 00 00 00 00 00 00 ................
00:00:01.631984 00000000024f5b60/00b0: 00 00 00 00 00 00 00 00-00 00 00 00 00 00 00 00 ................
00:00:01.631985 00000000024f5b70/00c0: 00 00 00 00 00 00 00 00-00 00 00 00 00 00 00 00 ................
00:00:01.631986 00000000024f5b80/00d0: 00 00 00 00 00 00 00 00-00 00 00 00 00 00 00 00 ................
00:00:01.631987 00000000024f5b90/00e0: 00 00 00 00 00 00 00 00-00 00 00 00 63 82 53 63 ............c.Sc
00:00:01.631988 00000000024f5ba0/00f0: 36 04 c0 a8 66 02 35 01-02 01 04 ff ff ff 00 33 6...f.5........3
00:00:01.631989 00000000024f5bb0/0100: 04 00 00 02 58 ff 00 00-00 00 00 00 00 00 00 00 ....X...........
00:00:01.631990 00000000024f5bc0/0110: 00 00 00 00 00 00 00 00-00 00 00 00 00 00 00 00 ................
00:00:01.631991 00000000024f5bd0/0120: 00 00 00 00 00 00 00 00-00 00 00 00 00 00 00 00 ................
00:00:01.631992 00000000024f5be0/0130: 00 00 00 00 00 00 00 00-00 00 00 00 00 00 00 00 ................
00:00:01.631993 00000000024f5bf0/0140: 00 00 00 00 00 00 00 00-00 00 00 00 00 00 00 00 ................
00:00:01.631994 00000000024f5c00/0150: 00 00 00 00 00 00 00 00-00 00 00 00 00 00 00 00 ................
00:00:01.631994 00000000024f5c10/0160: 00 00 00 00 00 00 00 00-00 00 00 00 00 00 00 00 ................
00:00:01.631995 00000000024f5c20/0170: 00 00 00 00 00 00 00 00-00 00 00 00 00 00 00 00 ................
00:00:01.631996 00000000024f5c30/0180: 00 00 00 00 00 00 00 00-00 00 00 00 00 00 00 00 ................
00:00:01.631997 00000000024f5c40/0190: 00 00 00 00 00 00 00 00-00 00 00 00 00 00 00 00 ................
00:00:01.631998 00000000024f5c50/01a0: 00 00 00 00 00 00 00 00-00 00 00 00 00 00 00 00 ................
00:00:01.631999 00000000024f5c60/01b0: 00 00 00 00 00 00 00 00-00 00 00 00 00 00 00 00 ................
00:00:01.632000 00000000024f5c70/01c0: 00 00 00 00 00 00 00 00-00 00 00 00 00 00 00 00 ................
00:00:01.632001 00000000024f5c80/01d0: 00 00 00 00 00 00 00 00-00 00 00 00 00 00 00 00 ................
00:00:01.632002 00000000024f5c90/01e0: 00 00 00 00 00 00 00 00-00 00 00 00 00 00 00 00 ................
00:00:01.632003 00000000024f5ca0/01f0: 00 00 00 00 00 00 00 00-00 00 00 00 00 00 00 00 ................
00:00:01.632004 00000000024f5cb0/0200: 00 00 00 00 00 00 00 00-00 00 00 00 00 00 00 00 ................
00:00:01.632005 00000000024f5cc0/0210: 00 00 00 00 00 00 00 00-00 00 00 00 00 00 00 00 ................
00:00:01.632006 00000000024f5cd0/0220: 00 00 00 00                                     ....
00:00:02.637104 DISCOVER xid 0x34e52c35 chaddr 0a:00:27:00:00:33
00:00:02.637137  ciaddr 0.0.0.0 broadcast
00:00:02.637146  client id: 01 0a 00 27 00 00 33
00:00:02.637151  params { 1 3 }
00:00:02.637167 > allocateAddress to client [01:0a:00:27:00:00:33] (0a:00:27:00:00:33)
00:00:02.637173 > ... found existing binding 192.168.102.3 to [01:0a:00:27:00:00:33] (0a:00:27:00:00:33), offered, valid from 2021-01-06T14:05:33Z for 600s until 2021-01-06T14:15:33Z
00:00:02.637180 Lease time 600 secs (default)
00:00:02.637186 >>> requested option 1 (SubnetMask)
00:00:02.637191 ... always supplied
00:00:02.637194 >>> requested option 3 (Routers)
00:00:02.637198 ... not found
00:00:02.637204 encoding option 1 (SubnetMask)
00:00:02.637208 encoding option 51 (LeaseTime)
00:00:02.637214 OFFER xid 0x34e52c35 chaddr 0a:00:27:00:00:33
00:00:02.637225  ciaddr 0.0.0.0 yiaddr 192.168.102.3 broadcast
00:00:02.637237 encoded message: 548 bytes
00:00:02.637237 00000000024f67d0/0000: 02 01 06 00 35 2c e5 34-00 00 00 00 00 00 00 00 ....5,.4........
00:00:02.637239 00000000024f67e0/0010: c0 a8 66 03 00 00 00 00-00 00 00 00 0a 00 27 00 ..f...........'.
00:00:02.637240 00000000024f67f0/0020: 00 33 00 00 00 00 00 00-00 00 00 00 00 00 00 00 .3..............
00:00:02.637241 00000000024f6800/0030: 00 00 00 00 00 00 00 00-00 00 00 00 00 00 00 00 ................
00:00:02.637242 00000000024f6810/0040: 00 00 00 00 00 00 00 00-00 00 00 00 00 00 00 00 ................
00:00:02.637243 00000000024f6820/0050: 00 00 00 00 00 00 00 00-00 00 00 00 00 00 00 00 ................
00:00:02.637244 00000000024f6830/0060: 00 00 00 00 00 00 00 00-00 00 00 00 00 00 00 00 ................
00:00:02.637245 00000000024f6840/0070: 00 00 00 00 00 00 00 00-00 00 00 00 00 00 00 00 ................
00:00:02.637246 00000000024f6850/0080: 00 00 00 00 00 00 00 00-00 00 00 00 00 00 00 00 ................
00:00:02.637247 00000000024f6860/0090: 00 00 00 00 00 00 00 00-00 00 00 00 00 00 00 00 ................
00:00:02.637248 00000000024f6870/00a0: 00 00 00 00 00 00 00 00-00 00 00 00 00 00 00 00 ................
00:00:02.637249 00000000024f6880/00b0: 00 00 00 00 00 00 00 00-00 00 00 00 00 00 00 00 ................
00:00:02.637250 00000000024f6890/00c0: 00 00 00 00 00 00 00 00-00 00 00 00 00 00 00 00 ................
00:00:02.637251 00000000024f68a0/00d0: 00 00 00 00 00 00 00 00-00 00 00 00 00 00 00 00 ................
00:00:02.637252 00000000024f68b0/00e0: 00 00 00 00 00 00 00 00-00 00 00 00 63 82 53 63 ............c.Sc
00:00:02.637253 00000000024f68c0/00f0: 36 04 c0 a8 66 02 35 01-02 01 04 ff ff ff 00 33 6...f.5........3
00:00:02.637254 00000000024f68d0/0100: 04 00 00 02 58 ff 00 00-00 00 00 00 00 00 00 00 ....X...........
00:00:02.637255 00000000024f68e0/0110: 00 00 00 00 00 00 00 00-00 00 00 00 00 00 00 00 ................
00:00:02.637256 00000000024f68f0/0120: 00 00 00 00 00 00 00 00-00 00 00 00 00 00 00 00 ................
00:00:02.637257 00000000024f6900/0130: 00 00 00 00 00 00 00 00-00 00 00 00 00 00 00 00 ................
00:00:02.637258 00000000024f6910/0140: 00 00 00 00 00 00 00 00-00 00 00 00 00 00 00 00 ................
00:00:02.637259 00000000024f6920/0150: 00 00 00 00 00 00 00 00-00 00 00 00 00 00 00 00 ................
00:00:02.637260 00000000024f6930/0160: 00 00 00 00 00 00 00 00-00 00 00 00 00 00 00 00 ................
00:00:02.637261 00000000024f6940/0170: 00 00 00 00 00 00 00 00-00 00 00 00 00 00 00 00 ................
00:00:02.637262 00000000024f6950/0180: 00 00 00 00 00 00 00 00-00 00 00 00 00 00 00 00 ................
00:00:02.637263 00000000024f6960/0190: 00 00 00 00 00 00 00 00-00 00 00 00 00 00 00 00 ................
00:00:02.637264 00000000024f6970/01a0: 00 00 00 00 00 00 00 00-00 00 00 00 00 00 00 00 ................
00:00:02.637265 00000000024f6980/01b0: 00 00 00 00 00 00 00 00-00 00 00 00 00 00 00 00 ................
00:00:02.637266 00000000024f6990/01c0: 00 00 00 00 00 00 00 00-00 00 00 00 00 00 00 00 ................
00:00:02.637267 00000000024f69a0/01d0: 00 00 00 00 00 00 00 00-00 00 00 00 00 00 00 00 ................
00:00:02.637268 00000000024f69b0/01e0: 00 00 00 00 00 00 00 00-00 00 00 00 00 00 00 00 ................
00:00:02.637269 00000000024f69c0/01f0: 00 00 00 00 00 00 00 00-00 00 00 00 00 00 00 00 ................
00:00:02.637270 00000000024f69d0/0200: 00 00 00 00 00 00 00 00-00 00 00 00 00 00 00 00 ................
00:00:02.637271 00000000024f69e0/0210: 00 00 00 00 00 00 00 00-00 00 00 00 00 00 00 00 ................
00:00:02.637272 00000000024f69f0/0220: 00 00 00 00                                     ....
00:00:03.642381 DISCOVER xid 0x5c8cccd8 chaddr 0a:00:27:00:00:33
00:00:03.642414  ciaddr 0.0.0.0 broadcast
00:00:03.642422  client id: 01 0a 00 27 00 00 33
00:00:03.642427  params { 1 3 }
00:00:03.642443 > allocateAddress to client [01:0a:00:27:00:00:33] (0a:00:27:00:00:33)
00:00:03.642449 > ... found existing binding 192.168.102.3 to [01:0a:00:27:00:00:33] (0a:00:27:00:00:33), offered, valid from 2021-01-06T14:05:34Z for 600s until 2021-01-06T14:15:34Z
00:00:03.642457 Lease time 600 secs (default)
00:00:03.642463 >>> requested option 1 (SubnetMask)
00:00:03.642467 ... always supplied
00:00:03.642471 >>> requested option 3 (Routers)
00:00:03.642475 ... not found
00:00:03.642481 encoding option 1 (SubnetMask)
00:00:03.642486 encoding option 51 (LeaseTime)
00:00:03.642491 OFFER xid 0x5c8cccd8 chaddr 0a:00:27:00:00:33
00:00:03.642503  ciaddr 0.0.0.0 yiaddr 192.168.102.3 broadcast
00:00:03.642514 encoded message: 548 bytes
00:00:03.642515 00000000024f6c30/0000: 02 01 06 00 d8 cc 8c 5c-00 00 00 00 00 00 00 00 .......\........
00:00:03.642517 00000000024f6c40/0010: c0 a8 66 03 00 00 00 00-00 00 00 00 0a 00 27 00 ..f...........'.
00:00:03.642518 00000000024f6c50/0020: 00 33 00 00 00 00 00 00-00 00 00 00 00 00 00 00 .3..............
00:00:03.642519 00000000024f6c60/0030: 00 00 00 00 00 00 00 00-00 00 00 00 00 00 00 00 ................
00:00:03.642520 00000000024f6c70/0040: 00 00 00 00 00 00 00 00-00 00 00 00 00 00 00 00 ................
00:00:03.642521 00000000024f6c80/0050: 00 00 00 00 00 00 00 00-00 00 00 00 00 00 00 00 ................
00:00:03.642522 00000000024f6c90/0060: 00 00 00 00 00 00 00 00-00 00 00 00 00 00 00 00 ................
00:00:03.642523 00000000024f6ca0/0070: 00 00 00 00 00 00 00 00-00 00 00 00 00 00 00 00 ................
00:00:03.642524 00000000024f6cb0/0080: 00 00 00 00 00 00 00 00-00 00 00 00 00 00 00 00 ................
00:00:03.642525 00000000024f6cc0/0090: 00 00 00 00 00 00 00 00-00 00 00 00 00 00 00 00 ................
00:00:03.642526 00000000024f6cd0/00a0: 00 00 00 00 00 00 00 00-00 00 00 00 00 00 00 00 ................
00:00:03.642527 00000000024f6ce0/00b0: 00 00 00 00 00 00 00 00-00 00 00 00 00 00 00 00 ................
00:00:03.642528 00000000024f6cf0/00c0: 00 00 00 00 00 00 00 00-00 00 00 00 00 00 00 00 ................
00:00:03.642528 00000000024f6d00/00d0: 00 00 00 00 00 00 00 00-00 00 00 00 00 00 00 00 ................
00:00:03.642529 00000000024f6d10/00e0: 00 00 00 00 00 00 00 00-00 00 00 00 63 82 53 63 ............c.Sc
00:00:03.642530 00000000024f6d20/00f0: 36 04 c0 a8 66 02 35 01-02 01 04 ff ff ff 00 33 6...f.5........3
00:00:03.642532 00000000024f6d30/0100: 04 00 00 02 58 ff 00 00-00 00 00 00 00 00 00 00 ....X...........
00:00:03.642533 00000000024f6d40/0110: 00 00 00 00 00 00 00 00-00 00 00 00 00 00 00 00 ................
00:00:03.642534 00000000024f6d50/0120: 00 00 00 00 00 00 00 00-00 00 00 00 00 00 00 00 ................
00:00:03.642535 00000000024f6d60/0130: 00 00 00 00 00 00 00 00-00 00 00 00 00 00 00 00 ................
00:00:03.642536 00000000024f6d70/0140: 00 00 00 00 00 00 00 00-00 00 00 00 00 00 00 00 ................
00:00:03.642537 00000000024f6d80/0150: 00 00 00 00 00 00 00 00-00 00 00 00 00 00 00 00 ................
00:00:03.642538 00000000024f6d90/0160: 00 00 00 00 00 00 00 00-00 00 00 00 00 00 00 00 ................
00:00:03.642538 00000000024f6da0/0170: 00 00 00 00 00 00 00 00-00 00 00 00 00 00 00 00 ................
00:00:03.642539 00000000024f6db0/0180: 00 00 00 00 00 00 00 00-00 00 00 00 00 00 00 00 ................
00:00:03.642540 00000000024f6dc0/0190: 00 00 00 00 00 00 00 00-00 00 00 00 00 00 00 00 ................
00:00:03.642541 00000000024f6dd0/01a0: 00 00 00 00 00 00 00 00-00 00 00 00 00 00 00 00 ................
00:00:03.642542 00000000024f6de0/01b0: 00 00 00 00 00 00 00 00-00 00 00 00 00 00 00 00 ................
00:00:03.642543 00000000024f6df0/01c0: 00 00 00 00 00 00 00 00-00 00 00 00 00 00 00 00 ................
00:00:03.642544 00000000024f6e00/01d0: 00 00 00 00 00 00 00 00-00 00 00 00 00 00 00 00 ................
00:00:03.642545 00000000024f6e10/01e0: 00 00 00 00 00 00 00 00-00 00 00 00 00 00 00 00 ................
00:00:03.642546 00000000024f6e20/01f0: 00 00 00 00 00 00 00 00-00 00 00 00 00 00 00 00 ................
00:00:03.642547 00000000024f6e30/0200: 00 00 00 00 00 00 00 00-00 00 00 00 00 00 00 00 ................
00:00:03.642548 00000000024f6e40/0210: 00 00 00 00 00 00 00 00-00 00 00 00 00 00 00 00 ................
00:00:03.642549 00000000024f6e50/0220: 00 00 00 00                                     ....
00:00:04.647657 DISCOVER xid 0x6e74e1a1 chaddr 0a:00:27:00:00:33
00:00:04.647688  ciaddr 0.0.0.0 broadcast
00:00:04.647697  client id: 01 0a 00 27 00 00 33
00:00:04.647702  params { 1 3 }
00:00:04.647718 > allocateAddress to client [01:0a:00:27:00:00:33] (0a:00:27:00:00:33)
00:00:04.647724 > ... found existing binding 192.168.102.3 to [01:0a:00:27:00:00:33] (0a:00:27:00:00:33), offered, valid from 2021-01-06T14:05:35Z for 600s until 2021-01-06T14:15:35Z
00:00:04.647732 Lease time 600 secs (default)
00:00:04.647738 >>> requested option 1 (SubnetMask)
00:00:04.647742 ... always supplied
00:00:04.647748 >>> requested option 3 (Routers)
00:00:04.647753 ... not found
00:00:04.647759 encoding option 1 (SubnetMask)
00:00:04.647763 encoding option 51 (LeaseTime)
00:00:04.647768 OFFER xid 0x6e74e1a1 chaddr 0a:00:27:00:00:33
00:00:04.647780  ciaddr 0.0.0.0 yiaddr 192.168.102.3 broadcast
00:00:04.647791 encoded message: 548 bytes
00:00:04.647792 00000000024f6a00/0000: 02 01 06 00 a1 e1 74 6e-00 00 00 00 00 00 00 00 ......tn........
00:00:04.647794 00000000024f6a10/0010: c0 a8 66 03 00 00 00 00-00 00 00 00 0a 00 27 00 ..f...........'.
00:00:04.647795 00000000024f6a20/0020: 00 33 00 00 00 00 00 00-00 00 00 00 00 00 00 00 .3..............
00:00:04.647796 00000000024f6a30/0030: 00 00 00 00 00 00 00 00-00 00 00 00 00 00 00 00 ................
00:00:04.647797 00000000024f6a40/0040: 00 00 00 00 00 00 00 00-00 00 00 00 00 00 00 00 ................
00:00:04.647798 00000000024f6a50/0050: 00 00 00 00 00 00 00 00-00 00 00 00 00 00 00 00 ................
00:00:04.647799 00000000024f6a60/0060: 00 00 00 00 00 00 00 00-00 00 00 00 00 00 00 00 ................
00:00:04.647800 00000000024f6a70/0070: 00 00 00 00 00 00 00 00-00 00 00 00 00 00 00 00 ................
00:00:04.647801 00000000024f6a80/0080: 00 00 00 00 00 00 00 00-00 00 00 00 00 00 00 00 ................
00:00:04.647802 00000000024f6a90/0090: 00 00 00 00 00 00 00 00-00 00 00 00 00 00 00 00 ................
00:00:04.647803 00000000024f6aa0/00a0: 00 00 00 00 00 00 00 00-00 00 00 00 00 00 00 00 ................
00:00:04.647804 00000000024f6ab0/00b0: 00 00 00 00 00 00 00 00-00 00 00 00 00 00 00 00 ................
00:00:04.647805 00000000024f6ac0/00c0: 00 00 00 00 00 00 00 00-00 00 00 00 00 00 00 00 ................
00:00:04.647806 00000000024f6ad0/00d0: 00 00 00 00 00 00 00 00-00 00 00 00 00 00 00 00 ................
00:00:04.647807 00000000024f6ae0/00e0: 00 00 00 00 00 00 00 00-00 00 00 00 63 82 53 63 ............c.Sc
00:00:04.647808 00000000024f6af0/00f0: 36 04 c0 a8 66 02 35 01-02 01 04 ff ff ff 00 33 6...f.5........3
00:00:04.647809 00000000024f6b00/0100: 04 00 00 02 58 ff 00 00-00 00 00 00 00 00 00 00 ....X...........
00:00:04.647810 00000000024f6b10/0110: 00 00 00 00 00 00 00 00-00 00 00 00 00 00 00 00 ................
00:00:04.647811 00000000024f6b20/0120: 00 00 00 00 00 00 00 00-00 00 00 00 00 00 00 00 ................
00:00:04.647812 00000000024f6b30/0130: 00 00 00 00 00 00 00 00-00 00 00 00 00 00 00 00 ................
00:00:04.647813 00000000024f6b40/0140: 00 00 00 00 00 00 00 00-00 00 00 00 00 00 00 00 ................
00:00:04.647814 00000000024f6b50/0150: 00 00 00 00 00 00 00 00-00 00 00 00 00 00 00 00 ................
00:00:04.647815 00000000024f6b60/0160: 00 00 00 00 00 00 00 00-00 00 00 00 00 00 00 00 ................
00:00:04.647816 00000000024f6b70/0170: 00 00 00 00 00 00 00 00-00 00 00 00 00 00 00 00 ................
00:00:04.647817 00000000024f6b80/0180: 00 00 00 00 00 00 00 00-00 00 00 00 00 00 00 00 ................
00:00:04.647818 00000000024f6b90/0190: 00 00 00 00 00 00 00 00-00 00 00 00 00 00 00 00 ................
00:00:04.647819 00000000024f6ba0/01a0: 00 00 00 00 00 00 00 00-00 00 00 00 00 00 00 00 ................
00:00:04.647820 00000000024f6bb0/01b0: 00 00 00 00 00 00 00 00-00 00 00 00 00 00 00 00 ................
00:00:04.647821 00000000024f6bc0/01c0: 00 00 00 00 00 00 00 00-00 00 00 00 00 00 00 00 ................
00:00:04.647821 00000000024f6bd0/01d0: 00 00 00 00 00 00 00 00-00 00 00 00 00 00 00 00 ................
00:00:04.647822 00000000024f6be0/01e0: 00 00 00 00 00 00 00 00-00 00 00 00 00 00 00 00 ................
00:00:04.647823 00000000024f6bf0/01f0: 00 00 00 00 00 00 00 00-00 00 00 00 00 00 00 00 ................
00:00:04.647824 00000000024f6c00/0200: 00 00 00 00 00 00 00 00-00 00 00 00 00 00 00 00 ................
00:00:04.647825 00000000024f6c10/0210: 00 00 00 00 00 00 00 00-00 00 00 00 00 00 00 00 ................
00:00:04.647826 00000000024f6c20/0220: 00 00 00 00                                     ....
00:00:24.942383 DISCOVER xid 0x9510c40a chaddr 08:00:27:b1:5b:17
00:00:24.942414  ciaddr 0.0.0.0
00:00:24.942425  client id: 01 08 00 27 b1 5b 17
00:00:24.942431  params { 1 2 6 12 15 26 28 121 3 33 40 41 42 119 249 252 17 }
00:00:24.942501   12: 'diego-VirtualBox'
00:00:24.942505   57: 02 40
00:00:24.942510 > allocateAddress to client [01:08:00:27:b1:5b:17] (08:00:27:b1:5b:17)
00:00:24.942518 > .... creating new binding
00:00:24.942523 > .... allocated 192.168.102.4 free
00:00:24.942527 Lease time 600 secs (default)
00:00:24.942534 >>> requested option 1 (SubnetMask)
00:00:24.942539 ... always supplied
00:00:24.942542 >>> requested option 2 (TimeOffset)
00:00:24.942546 ... not found
00:00:24.942550 >>> requested option 6 (DNSes)
00:00:24.942554 ... not found
00:00:24.942558 >>> requested option 12 (HostName)
00:00:24.942562 ... not found
00:00:24.942565 >>> requested option 15 (DomainName)
00:00:24.942569 ... not found
00:00:24.942573 >>> requested option 26 (InterfaceMTU)
00:00:24.942577 ... not found
00:00:24.942581 >>> requested option 28 (BroadcastAddress)
00:00:24.942585 ... not found
00:00:24.942589 >>> requested option 121 (unknown)
00:00:24.942593 ... not found
00:00:24.942596 >>> requested option 3 (Routers)
00:00:24.942600 ... not found
00:00:24.942604 >>> requested option 33 (StaticRoute)
00:00:24.942608 ... not found
00:00:24.942612 >>> requested option 40 (NISDomain)
00:00:24.942615 ... not found
00:00:24.942619 >>> requested option 41 (NISServers)
00:00:24.942623 ... not found
00:00:24.942627 >>> requested option 42 (NTPServers)
00:00:24.942631 ... not found
00:00:24.942634 >>> requested option 119 (DomainSearch)
00:00:24.942638 ... not found
00:00:24.942642 >>> requested option 249 (unknown)
00:00:24.942646 ... not found
00:00:24.942650 >>> requested option 252 (unknown)
00:00:24.942654 ... not found
00:00:24.942657 >>> requested option 17 (RootPath)
00:00:24.942661 ... not found
00:00:24.942667 encoding option 1 (SubnetMask)
00:00:24.942671 encoding option 51 (LeaseTime)
00:00:24.942677 OFFER xid 0x9510c40a chaddr 08:00:27:b1:5b:17
00:00:24.942689  ciaddr 0.0.0.0 yiaddr 192.168.102.4
00:00:24.942701 encoded message: 548 bytes
00:00:24.942702 00000000024f5f10/0000: 02 01 06 00 0a c4 10 95-00 00 00 00 00 00 00 00 ................
00:00:24.942703 00000000024f5f20/0010: c0 a8 66 04 00 00 00 00-00 00 00 00 08 00 27 b1 ..f...........'.
00:00:24.942704 00000000024f5f30/0020: 5b 17 00 00 00 00 00 00-00 00 00 00 00 00 00 00 [...............
00:00:24.942706 00000000024f5f40/0030: 00 00 00 00 00 00 00 00-00 00 00 00 00 00 00 00 ................
00:00:24.942707 00000000024f5f50/0040: 00 00 00 00 00 00 00 00-00 00 00 00 00 00 00 00 ................
00:00:24.942708 00000000024f5f60/0050: 00 00 00 00 00 00 00 00-00 00 00 00 00 00 00 00 ................
00:00:24.942709 00000000024f5f70/0060: 00 00 00 00 00 00 00 00-00 00 00 00 00 00 00 00 ................
00:00:24.942710 00000000024f5f80/0070: 00 00 00 00 00 00 00 00-00 00 00 00 00 00 00 00 ................
00:00:24.942711 00000000024f5f90/0080: 00 00 00 00 00 00 00 00-00 00 00 00 00 00 00 00 ................
00:00:24.942712 00000000024f5fa0/0090: 00 00 00 00 00 00 00 00-00 00 00 00 00 00 00 00 ................
00:00:24.942713 00000000024f5fb0/00a0: 00 00 00 00 00 00 00 00-00 00 00 00 00 00 00 00 ................
00:00:24.942714 00000000024f5fc0/00b0: 00 00 00 00 00 00 00 00-00 00 00 00 00 00 00 00 ................
00:00:24.942715 00000000024f5fd0/00c0: 00 00 00 00 00 00 00 00-00 00 00 00 00 00 00 00 ................
00:00:24.942716 00000000024f5fe0/00d0: 00 00 00 00 00 00 00 00-00 00 00 00 00 00 00 00 ................
00:00:24.942717 00000000024f5ff0/00e0: 00 00 00 00 00 00 00 00-00 00 00 00 63 82 53 63 ............c.Sc
00:00:24.942718 00000000024f6000/00f0: 36 04 c0 a8 66 02 35 01-02 01 04 ff ff ff 00 33 6...f.5........3
00:00:24.942719 00000000024f6010/0100: 04 00 00 02 58 ff 00 00-00 00 00 00 00 00 00 00 ....X...........
00:00:24.942720 00000000024f6020/0110: 00 00 00 00 00 00 00 00-00 00 00 00 00 00 00 00 ................
00:00:24.942721 00000000024f6030/0120: 00 00 00 00 00 00 00 00-00 00 00 00 00 00 00 00 ................
00:00:24.942722 00000000024f6040/0130: 00 00 00 00 00 00 00 00-00 00 00 00 00 00 00 00 ................
00:00:24.942723 00000000024f6050/0140: 00 00 00 00 00 00 00 00-00 00 00 00 00 00 00 00 ................
00:00:24.942724 00000000024f6060/0150: 00 00 00 00 00 00 00 00-00 00 00 00 00 00 00 00 ................
00:00:24.942725 00000000024f6070/0160: 00 00 00 00 00 00 00 00-00 00 00 00 00 00 00 00 ................
00:00:24.942726 00000000024f6080/0170: 00 00 00 00 00 00 00 00-00 00 00 00 00 00 00 00 ................
00:00:24.942727 00000000024f6090/0180: 00 00 00 00 00 00 00 00-00 00 00 00 00 00 00 00 ................
00:00:24.942728 00000000024f60a0/0190: 00 00 00 00 00 00 00 00-00 00 00 00 00 00 00 00 ................
00:00:24.942729 00000000024f60b0/01a0: 00 00 00 00 00 00 00 00-00 00 00 00 00 00 00 00 ................
00:00:24.942730 00000000024f60c0/01b0: 00 00 00 00 00 00 00 00-00 00 00 00 00 00 00 00 ................
00:00:24.942731 00000000024f60d0/01c0: 00 00 00 00 00 00 00 00-00 00 00 00 00 00 00 00 ................
00:00:24.942732 00000000024f60e0/01d0: 00 00 00 00 00 00 00 00-00 00 00 00 00 00 00 00 ................
00:00:24.942733 00000000024f60f0/01e0: 00 00 00 00 00 00 00 00-00 00 00 00 00 00 00 00 ................
00:00:24.942734 00000000024f6100/01f0: 00 00 00 00 00 00 00 00-00 00 00 00 00 00 00 00 ................
00:00:24.942735 00000000024f6110/0200: 00 00 00 00 00 00 00 00-00 00 00 00 00 00 00 00 ................
00:00:24.942736 00000000024f6120/0210: 00 00 00 00 00 00 00 00-00 00 00 00 00 00 00 00 ................
00:00:24.942737 00000000024f6130/0220: 00 00 00 00                                     ....
00:00:24.967467 REQUEST xid 0x9510c40a chaddr 08:00:27:b1:5b:17
00:00:24.967499  ciaddr 0.0.0.0
00:00:24.967507  for server 192.168.102.2 client id: 01 08 00 27 b1 5b 17
00:00:24.967517  requested address 192.168.102.4
00:00:24.967526  params { 1 2 6 12 15 26 28 121 3 33 40 41 42 119 249 252 17 }
00:00:24.967597   12: 'diego-VirtualBox'
00:00:24.967602   54: c0 a8 66 02
00:00:24.967606   57: 02 40
00:00:24.967611 > allocateAddress 192.168.102.4 to client [01:08:00:27:b1:5b:17] (08:00:27:b1:5b:17)
00:00:24.967618 > ... found existing binding 192.168.102.4 to [01:08:00:27:b1:5b:17] (08:00:27:b1:5b:17), offered, valid from 2021-01-06T14:05:56Z for 600s until 2021-01-06T14:15:56Z
00:00:24.967626 Lease time 600 secs (default)
00:00:24.967631 writing leases to C:\Users\Diego\.VirtualBox\HostInterfaceNetworking-VirtualBox Host-Only Ethernet Adapter #2-Dhcpd.leases
00:00:24.969815 >>> requested option 1 (SubnetMask)
00:00:24.969827 ... always supplied
00:00:24.969831 >>> requested option 2 (TimeOffset)
00:00:24.969835 ... not found
00:00:24.969839 >>> requested option 6 (DNSes)
00:00:24.969843 ... not found
00:00:24.969847 >>> requested option 12 (HostName)
00:00:24.969851 ... not found
00:00:24.969855 >>> requested option 15 (DomainName)
00:00:24.969859 ... not found
00:00:24.969862 >>> requested option 26 (InterfaceMTU)
00:00:24.969866 ... not found
00:00:24.969870 >>> requested option 28 (BroadcastAddress)
00:00:24.969875 ... not found
00:00:24.969879 >>> requested option 121 (unknown)
00:00:24.969883 ... not found
00:00:24.969887 >>> requested option 3 (Routers)
00:00:24.969890 ... not found
00:00:24.969894 >>> requested option 33 (StaticRoute)
00:00:24.969898 ... not found
00:00:24.969902 >>> requested option 40 (NISDomain)
00:00:24.969906 ... not found
00:00:24.969910 >>> requested option 41 (NISServers)
00:00:24.969913 ... not found
00:00:24.969917 >>> requested option 42 (NTPServers)
00:00:24.969921 ... not found
00:00:24.969925 >>> requested option 119 (DomainSearch)
00:00:24.969929 ... not found
00:00:24.969933 >>> requested option 249 (unknown)
00:00:24.969936 ... not found
00:00:24.969940 >>> requested option 252 (unknown)
00:00:24.969944 ... not found
00:00:24.969948 >>> requested option 17 (RootPath)
00:00:24.969952 ... not found
00:00:24.969959 encoding option 1 (SubnetMask)
00:00:24.969990 encoding option 51 (LeaseTime)
00:00:24.969997 ACK xid 0x9510c40a chaddr 08:00:27:b1:5b:17
00:00:24.970011  ciaddr 0.0.0.0 yiaddr 192.168.102.4
00:00:24.970023 encoded message: 548 bytes
00:00:24.970023 00000000024f7090/0000: 02 01 06 00 0a c4 10 95-00 00 00 00 00 00 00 00 ................
00:00:24.970025 00000000024f70a0/0010: c0 a8 66 04 00 00 00 00-00 00 00 00 08 00 27 b1 ..f...........'.
00:00:24.970026 00000000024f70b0/0020: 5b 17 00 00 00 00 00 00-00 00 00 00 00 00 00 00 [...............
00:00:24.970027 00000000024f70c0/0030: 00 00 00 00 00 00 00 00-00 00 00 00 00 00 00 00 ................
00:00:24.970028 00000000024f70d0/0040: 00 00 00 00 00 00 00 00-00 00 00 00 00 00 00 00 ................
00:00:24.970029 00000000024f70e0/0050: 00 00 00 00 00 00 00 00-00 00 00 00 00 00 00 00 ................
00:00:24.970030 00000000024f70f0/0060: 00 00 00 00 00 00 00 00-00 00 00 00 00 00 00 00 ................
00:00:24.970031 00000000024f7100/0070: 00 00 00 00 00 00 00 00-00 00 00 00 00 00 00 00 ................
00:00:24.970033 00000000024f7110/0080: 00 00 00 00 00 00 00 00-00 00 00 00 00 00 00 00 ................
00:00:24.970034 00000000024f7120/0090: 00 00 00 00 00 00 00 00-00 00 00 00 00 00 00 00 ................
00:00:24.970035 00000000024f7130/00a0: 00 00 00 00 00 00 00 00-00 00 00 00 00 00 00 00 ................
00:00:24.970035 00000000024f7140/00b0: 00 00 00 00 00 00 00 00-00 00 00 00 00 00 00 00 ................
00:00:24.970036 00000000024f7150/00c0: 00 00 00 00 00 00 00 00-00 00 00 00 00 00 00 00 ................
00:00:24.970037 00000000024f7160/00d0: 00 00 00 00 00 00 00 00-00 00 00 00 00 00 00 00 ................
00:00:24.970038 00000000024f7170/00e0: 00 00 00 00 00 00 00 00-00 00 00 00 63 82 53 63 ............c.Sc
00:00:24.970039 00000000024f7180/00f0: 36 04 c0 a8 66 02 35 01-05 01 04 ff ff ff 00 33 6...f.5........3
00:00:24.970041 00000000024f7190/0100: 04 00 00 02 58 ff 00 00-00 00 00 00 00 00 00 00 ....X...........
00:00:24.970042 00000000024f71a0/0110: 00 00 00 00 00 00 00 00-00 00 00 00 00 00 00 00 ................
00:00:24.970043 00000000024f71b0/0120: 00 00 00 00 00 00 00 00-00 00 00 00 00 00 00 00 ................
00:00:24.970044 00000000024f71c0/0130: 00 00 00 00 00 00 00 00-00 00 00 00 00 00 00 00 ................
00:00:24.970045 00000000024f71d0/0140: 00 00 00 00 00 00 00 00-00 00 00 00 00 00 00 00 ................
00:00:24.970046 00000000024f71e0/0150: 00 00 00 00 00 00 00 00-00 00 00 00 00 00 00 00 ................
00:00:24.970047 00000000024f71f0/0160: 00 00 00 00 00 00 00 00-00 00 00 00 00 00 00 00 ................
00:00:24.970048 00000000024f7200/0170: 00 00 00 00 00 00 00 00-00 00 00 00 00 00 00 00 ................
00:00:24.970049 00000000024f7210/0180: 00 00 00 00 00 00 00 00-00 00 00 00 00 00 00 00 ................
00:00:24.970050 00000000024f7220/0190: 00 00 00 00 00 00 00 00-00 00 00 00 00 00 00 00 ................
00:00:24.970051 00000000024f7230/01a0: 00 00 00 00 00 00 00 00-00 00 00 00 00 00 00 00 ................
00:00:24.970052 00000000024f7240/01b0: 00 00 00 00 00 00 00 00-00 00 00 00 00 00 00 00 ................
00:00:24.970053 00000000024f7250/01c0: 00 00 00 00 00 00 00 00-00 00 00 00 00 00 00 00 ................
00:00:24.970054 00000000024f7260/01d0: 00 00 00 00 00 00 00 00-00 00 00 00 00 00 00 00 ................
00:00:24.970055 00000000024f7270/01e0: 00 00 00 00 00 00 00 00-00 00 00 00 00 00 00 00 ................
00:00:24.970056 00000000024f7280/01f0: 00 00 00 00 00 00 00 00-00 00 00 00 00 00 00 00 ................
00:00:24.970057 00000000024f7290/0200: 00 00 00 00 00 00 00 00-00 00 00 00 00 00 00 00 ................
00:00:24.970058 00000000024f72a0/0210: 00 00 00 00 00 00 00 00-00 00 00 00 00 00 00 00 ................
00:00:24.970059 00000000024f72b0/0220: 00 00 00 00                                     ....
00:05:24.906265 REQUEST xid 0xe4ba8029 chaddr 08:00:27:b1:5b:17
00:05:24.906315  ciaddr 192.168.102.4
00:05:24.906332  client id: 01 08 00 27 b1 5b 17
00:05:24.906342  params { 1 2 6 12 15 26 28 121 3 33 40 41 42 119 249 252 17 }
00:05:24.906549   12: 'diego-VirtualBox'
00:05:24.906557   57: ff ff
00:05:24.906569 > allocateAddress to client [01:08:00:27:b1:5b:17] (08:00:27:b1:5b:17)
00:05:24.906581 > ... found existing binding 192.168.102.4 to [01:08:00:27:b1:5b:17] (08:00:27:b1:5b:17), acked, valid from 2021-01-06T14:05:56Z for 600s until 2021-01-06T14:15:56Z
00:05:24.906597 Lease time 600 secs (default)
00:05:24.906608 writing leases to C:\Users\Diego\.VirtualBox\HostInterfaceNetworking-VirtualBox Host-Only Ethernet Adapter #2-Dhcpd.leases
00:05:24.910700 >>> requested option 1 (SubnetMask)
00:05:24.910719 ... always supplied
00:05:24.910728 >>> requested option 2 (TimeOffset)
00:05:24.910738 ... not found
00:05:24.910746 >>> requested option 6 (DNSes)
00:05:24.910754 ... not found
00:05:24.910762 >>> requested option 12 (HostName)
00:05:24.910771 ... not found
00:05:24.910779 >>> requested option 15 (DomainName)
00:05:24.910787 ... not found
00:05:24.910795 >>> requested option 26 (InterfaceMTU)
00:05:24.910804 ... not found
00:05:24.910812 >>> requested option 28 (BroadcastAddress)
00:05:24.910820 ... not found
00:05:24.910829 >>> requested option 121 (unknown)
00:05:24.910837 ... not found
00:05:24.910846 >>> requested option 3 (Routers)
00:05:24.910854 ... not found
00:05:24.910862 >>> requested option 33 (StaticRoute)
00:05:24.910870 ... not found
00:05:24.910878 >>> requested option 40 (NISDomain)
00:05:24.910887 ... not found
00:05:24.910895 >>> requested option 41 (NISServers)
00:05:24.910903 ... not found
00:05:24.910911 >>> requested option 42 (NTPServers)
00:05:24.910919 ... not found
00:05:24.910927 >>> requested option 119 (DomainSearch)
00:05:24.910936 ... not found
00:05:24.910944 >>> requested option 249 (unknown)
00:05:24.910952 ... not found
00:05:24.910960 >>> requested option 252 (unknown)
00:05:24.910968 ... not found
00:05:24.910976 >>> requested option 17 (RootPath)
00:05:24.910984 ... not found
00:05:24.910999 encoding option 1 (SubnetMask)
00:05:24.911009 encoding option 51 (LeaseTime)
00:05:24.911019 ACK xid 0xe4ba8029 chaddr 08:00:27:b1:5b:17
00:05:24.911046  ciaddr 192.168.102.4 yiaddr 192.168.102.4
00:05:24.911071 encoded message: 548 bytes
00:05:24.911073 00000000024f74f0/0000: 02 01 06 00 29 80 ba e4-00 00 00 00 c0 a8 66 04 ....).........f.
00:05:24.911077 00000000024f7500/0010: c0 a8 66 04 00 00 00 00-00 00 00 00 08 00 27 b1 ..f...........'.
00:05:24.911079 00000000024f7510/0020: 5b 17 00 00 00 00 00 00-00 00 00 00 00 00 00 00 [...............
00:05:24.911082 00000000024f7520/0030: 00 00 00 00 00 00 00 00-00 00 00 00 00 00 00 00 ................
00:05:24.911084 00000000024f7530/0040: 00 00 00 00 00 00 00 00-00 00 00 00 00 00 00 00 ................
00:05:24.911086 00000000024f7540/0050: 00 00 00 00 00 00 00 00-00 00 00 00 00 00 00 00 ................
00:05:24.911088 00000000024f7550/0060: 00 00 00 00 00 00 00 00-00 00 00 00 00 00 00 00 ................
00:05:24.911091 00000000024f7560/0070: 00 00 00 00 00 00 00 00-00 00 00 00 00 00 00 00 ................
00:05:24.911093 00000000024f7570/0080: 00 00 00 00 00 00 00 00-00 00 00 00 00 00 00 00 ................
00:05:24.911095 00000000024f7580/0090: 00 00 00 00 00 00 00 00-00 00 00 00 00 00 00 00 ................
00:05:24.911097 00000000024f7590/00a0: 00 00 00 00 00 00 00 00-00 00 00 00 00 00 00 00 ................
00:05:24.911099 00000000024f75a0/00b0: 00 00 00 00 00 00 00 00-00 00 00 00 00 00 00 00 ................
00:05:24.911101 00000000024f75b0/00c0: 00 00 00 00 00 00 00 00-00 00 00 00 00 00 00 00 ................
00:05:24.911103 00000000024f75c0/00d0: 00 00 00 00 00 00 00 00-00 00 00 00 00 00 00 00 ................
00:05:24.911105 00000000024f75d0/00e0: 00 00 00 00 00 00 00 00-00 00 00 00 63 82 53 63 ............c.Sc
00:05:24.911108 00000000024f75e0/00f0: 36 04 c0 a8 66 02 35 01-05 01 04 ff ff ff 00 33 6...f.5........3
00:05:24.911110 00000000024f75f0/0100: 04 00 00 02 58 ff 00 00-00 00 00 00 00 00 00 00 ....X...........
00:05:24.911113 00000000024f7600/0110: 00 00 00 00 00 00 00 00-00 00 00 00 00 00 00 00 ................
00:05:24.911115 00000000024f7610/0120: 00 00 00 00 00 00 00 00-00 00 00 00 00 00 00 00 ................
00:05:24.911117 00000000024f7620/0130: 00 00 00 00 00 00 00 00-00 00 00 00 00 00 00 00 ................
00:05:24.911119 00000000024f7630/0140: 00 00 00 00 00 00 00 00-00 00 00 00 00 00 00 00 ................
00:05:24.911122 00000000024f7640/0150: 00 00 00 00 00 00 00 00-00 00 00 00 00 00 00 00 ................
00:05:24.911124 00000000024f7650/0160: 00 00 00 00 00 00 00 00-00 00 00 00 00 00 00 00 ................
00:05:24.911126 00000000024f7660/0170: 00 00 00 00 00 00 00 00-00 00 00 00 00 00 00 00 ................
00:05:24.911128 00000000024f7670/0180: 00 00 00 00 00 00 00 00-00 00 00 00 00 00 00 00 ................
00:05:24.911130 00000000024f7680/0190: 00 00 00 00 00 00 00 00-00 00 00 00 00 00 00 00 ................
00:05:24.911132 00000000024f7690/01a0: 00 00 00 00 00 00 00 00-00 00 00 00 00 00 00 00 ................
00:05:24.911134 00000000024f76a0/01b0: 00 00 00 00 00 00 00 00-00 00 00 00 00 00 00 00 ................
00:05:24.911136 00000000024f76b0/01c0: 00 00 00 00 00 00 00 00-00 00 00 00 00 00 00 00 ................
00:05:24.911139 00000000024f76c0/01d0: 00 00 00 00 00 00 00 00-00 00 00 00 00 00 00 00 ................
00:05:24.911141 00000000024f76d0/01e0: 00 00 00 00 00 00 00 00-00 00 00 00 00 00 00 00 ................
00:05:24.911143 00000000024f76e0/01f0: 00 00 00 00 00 00 00 00-00 00 00 00 00 00 00 00 ................
00:05:24.911145 00000000024f76f0/0200: 00 00 00 00 00 00 00 00-00 00 00 00 00 00 00 00 ................
00:05:24.911147 00000000024f7700/0210: 00 00 00 00 00 00 00 00-00 00 00 00 00 00 00 00 ................
00:05:24.911149 00000000024f7710/0220: 00 00 00 00                                     ....
00:10:24.921284 REQUEST xid 0x2fde3879 chaddr 08:00:27:b1:5b:17
00:10:24.921361  ciaddr 192.168.102.4
00:10:24.921389  client id: 01 08 00 27 b1 5b 17
00:10:24.921406  params { 1 2 6 12 15 26 28 121 3 33 40 41 42 119 249 252 17 }
00:10:24.921619   12: 'diego-VirtualBox'
00:10:24.921632   57: ff ff
00:10:24.921651 > allocateAddress to client [01:08:00:27:b1:5b:17] (08:00:27:b1:5b:17)
00:10:24.921671 > ... found existing binding 192.168.102.4 to [01:08:00:27:b1:5b:17] (08:00:27:b1:5b:17), acked, valid from 2021-01-06T14:10:56Z for 600s until 2021-01-06T14:20:56Z
00:10:24.921697 Lease time 600 secs (default)
00:10:24.921713 writing leases to C:\Users\Diego\.VirtualBox\HostInterfaceNetworking-VirtualBox Host-Only Ethernet Adapter #2-Dhcpd.leases
00:10:24.926584 >>> requested option 1 (SubnetMask)
00:10:24.926611 ... always supplied
00:10:24.926624 >>> requested option 2 (TimeOffset)
00:10:24.926640 ... not found
00:10:24.926652 >>> requested option 6 (DNSes)
00:10:24.926664 ... not found
00:10:24.926676 >>> requested option 12 (HostName)
00:10:24.926688 ... not found
00:10:24.926699 >>> requested option 15 (DomainName)
00:10:24.926711 ... not found
00:10:24.926723 >>> requested option 26 (InterfaceMTU)
00:10:24.926735 ... not found
00:10:24.926746 >>> requested option 28 (BroadcastAddress)
00:10:24.926758 ... not found
00:10:24.926770 >>> requested option 121 (unknown)
00:10:24.926782 ... not found
00:10:24.926793 >>> requested option 3 (Routers)
00:10:24.926805 ... not found
00:10:24.926816 >>> requested option 33 (StaticRoute)
00:10:24.926828 ... not found
00:10:24.926840 >>> requested option 40 (NISDomain)
00:10:24.926851 ... not found
00:10:24.926863 >>> requested option 41 (NISServers)
00:10:24.926875 ... not found
00:10:24.926886 >>> requested option 42 (NTPServers)
00:10:24.926898 ... not found
00:10:24.926909 >>> requested option 119 (DomainSearch)
00:10:24.926921 ... not found
00:10:24.926933 >>> requested option 249 (unknown)
00:10:24.926944 ... not found
00:10:24.926956 >>> requested option 252 (unknown)
00:10:24.926967 ... not found
00:10:24.926979 >>> requested option 17 (RootPath)
00:10:24.926991 ... not found
00:10:24.927012 encoding option 1 (SubnetMask)
00:10:24.927025 encoding option 51 (LeaseTime)
00:10:24.927044 ACK xid 0x2fde3879 chaddr 08:00:27:b1:5b:17
00:10:24.927085  ciaddr 192.168.102.4 yiaddr 192.168.102.4
00:10:24.927121 encoded message: 548 bytes
00:10:24.927124 00000000024f7090/0000: 02 01 06 00 79 38 de 2f-00 00 00 00 c0 a8 66 04 ....y8./......f.
00:10:24.927129 00000000024f70a0/0010: c0 a8 66 04 00 00 00 00-00 00 00 00 08 00 27 b1 ..f...........'.
00:10:24.927133 00000000024f70b0/0020: 5b 17 00 00 00 00 00 00-00 00 00 00 00 00 00 00 [...............
00:10:24.927136 00000000024f70c0/0030: 00 00 00 00 00 00 00 00-00 00 00 00 00 00 00 00 ................
00:10:24.927139 00000000024f70d0/0040: 00 00 00 00 00 00 00 00-00 00 00 00 00 00 00 00 ................
00:10:24.927143 00000000024f70e0/0050: 00 00 00 00 00 00 00 00-00 00 00 00 00 00 00 00 ................
00:10:24.927146 00000000024f70f0/0060: 00 00 00 00 00 00 00 00-00 00 00 00 00 00 00 00 ................
00:10:24.927149 00000000024f7100/0070: 00 00 00 00 00 00 00 00-00 00 00 00 00 00 00 00 ................
00:10:24.927152 00000000024f7110/0080: 00 00 00 00 00 00 00 00-00 00 00 00 00 00 00 00 ................
00:10:24.927155 00000000024f7120/0090: 00 00 00 00 00 00 00 00-00 00 00 00 00 00 00 00 ................
00:10:24.927158 00000000024f7130/00a0: 00 00 00 00 00 00 00 00-00 00 00 00 00 00 00 00 ................
00:10:24.927161 00000000024f7140/00b0: 00 00 00 00 00 00 00 00-00 00 00 00 00 00 00 00 ................
00:10:24.927164 00000000024f7150/00c0: 00 00 00 00 00 00 00 00-00 00 00 00 00 00 00 00 ................
00:10:24.927167 00000000024f7160/00d0: 00 00 00 00 00 00 00 00-00 00 00 00 00 00 00 00 ................
00:10:24.927170 00000000024f7170/00e0: 00 00 00 00 00 00 00 00-00 00 00 00 63 82 53 63 ............c.Sc
00:10:24.927174 00000000024f7180/00f0: 36 04 c0 a8 66 02 35 01-05 01 04 ff ff ff 00 33 6...f.5........3
00:10:24.927178 00000000024f7190/0100: 04 00 00 02 58 ff 00 00-00 00 00 00 00 00 00 00 ....X...........
00:10:24.927181 00000000024f71a0/0110: 00 00 00 00 00 00 00 00-00 00 00 00 00 00 00 00 ................
00:10:24.927184 00000000024f71b0/0120: 00 00 00 00 00 00 00 00-00 00 00 00 00 00 00 00 ................
00:10:24.927187 00000000024f71c0/0130: 00 00 00 00 00 00 00 00-00 00 00 00 00 00 00 00 ................
00:10:24.927190 00000000024f71d0/0140: 00 00 00 00 00 00 00 00-00 00 00 00 00 00 00 00 ................
00:10:24.927193 00000000024f71e0/0150: 00 00 00 00 00 00 00 00-00 00 00 00 00 00 00 00 ................
00:10:24.927196 00000000024f71f0/0160: 00 00 00 00 00 00 00 00-00 00 00 00 00 00 00 00 ................
00:10:24.927199 00000000024f7200/0170: 00 00 00 00 00 00 00 00-00 00 00 00 00 00 00 00 ................
00:10:24.927202 00000000024f7210/0180: 00 00 00 00 00 00 00 00-00 00 00 00 00 00 00 00 ................
00:10:24.927206 00000000024f7220/0190: 00 00 00 00 00 00 00 00-00 00 00 00 00 00 00 00 ................
00:10:24.927209 00000000024f7230/01a0: 00 00 00 00 00 00 00 00-00 00 00 00 00 00 00 00 ................
00:10:24.927212 00000000024f7240/01b0: 00 00 00 00 00 00 00 00-00 00 00 00 00 00 00 00 ................
00:10:24.927215 00000000024f7250/01c0: 00 00 00 00 00 00 00 00-00 00 00 00 00 00 00 00 ................
00:10:24.927218 00000000024f7260/01d0: 00 00 00 00 00 00 00 00-00 00 00 00 00 00 00 00 ................
00:10:24.927221 00000000024f7270/01e0: 00 00 00 00 00 00 00 00-00 00 00 00 00 00 00 00 ................
00:10:24.927224 00000000024f7280/01f0: 00 00 00 00 00 00 00 00-00 00 00 00 00 00 00 00 ................
00:10:24.927227 00000000024f7290/0200: 00 00 00 00 00 00 00 00-00 00 00 00 00 00 00 00 ................
00:10:24.927230 00000000024f72a0/0210: 00 00 00 00 00 00 00 00-00 00 00 00 00 00 00 00 ................
00:10:24.927233 00000000024f72b0/0220: 00 00 00 00                                     ....
00:15:24.933316 REQUEST xid 0x09e71448 chaddr 08:00:27:b1:5b:17
00:15:24.933428  ciaddr 192.168.102.4
00:15:24.933475  client id: 01 08 00 27 b1 5b 17
00:15:24.933504  params { 1 2 6 12 15 26 28 121 3 33 40 41 42 119 249 252 17 }
00:15:24.933877   12: 'diego-VirtualBox'
00:15:24.933906   57: ff ff
00:15:24.933939 > allocateAddress to client [01:08:00:27:b1:5b:17] (08:00:27:b1:5b:17)
00:15:24.933970 > ... found existing binding 192.168.102.4 to [01:08:00:27:b1:5b:17] (08:00:27:b1:5b:17), acked, valid from 2021-01-06T14:15:56Z for 600s until 2021-01-06T14:25:56Z
00:15:24.934009 Lease time 600 secs (default)
00:15:24.934034 writing leases to C:\Users\Diego\.VirtualBox\HostInterfaceNetworking-VirtualBox Host-Only Ethernet Adapter #2-Dhcpd.leases
00:15:24.941245 >>> requested option 1 (SubnetMask)
00:15:24.941290 ... always supplied
00:15:24.941313 >>> requested option 2 (TimeOffset)
00:15:24.941335 ... not found
00:15:24.941355 >>> requested option 6 (DNSes)
00:15:24.941384 ... not found
00:15:24.941404 >>> requested option 12 (HostName)
00:15:24.941425 ... not found
00:15:24.941445 >>> requested option 15 (DomainName)
00:15:24.941466 ... not found
00:15:24.941486 >>> requested option 26 (InterfaceMTU)
00:15:24.941507 ... not found
00:15:24.941527 >>> requested option 28 (BroadcastAddress)
00:15:24.941547 ... not found
00:15:24.941567 >>> requested option 121 (unknown)
00:15:24.941588 ... not found
00:15:24.941608 >>> requested option 3 (Routers)
00:15:24.941628 ... not found
00:15:24.941648 >>> requested option 33 (StaticRoute)
00:15:24.941668 ... not found
00:15:24.941688 >>> requested option 40 (NISDomain)
00:15:24.941709 ... not found
00:15:24.941728 >>> requested option 41 (NISServers)
00:15:24.941748 ... not found
00:15:24.941768 >>> requested option 42 (NTPServers)
00:15:24.941788 ... not found
00:15:24.941808 >>> requested option 119 (DomainSearch)
00:15:24.941829 ... not found
00:15:24.941848 >>> requested option 249 (unknown)
00:15:24.941869 ... not found
00:15:24.941888 >>> requested option 252 (unknown)
00:15:24.941908 ... not found
00:15:24.941928 >>> requested option 17 (RootPath)
00:15:24.941948 ... not found
00:15:24.941977 encoding option 1 (SubnetMask)
00:15:24.942000 encoding option 51 (LeaseTime)
00:15:24.942025 ACK xid 0x09e71448 chaddr 08:00:27:b1:5b:17
00:15:24.942091  ciaddr 192.168.102.4 yiaddr 192.168.102.4
00:15:24.942154 encoded message: 548 bytes
00:15:24.942158 00000000024f65a0/0000: 02 01 06 00 48 14 e7 09-00 00 00 00 c0 a8 66 04 ....H.........f.
00:15:24.942167 00000000024f65b0/0010: c0 a8 66 04 00 00 00 00-00 00 00 00 08 00 27 b1 ..f...........'.
00:15:24.942173 00000000024f65c0/0020: 5b 17 00 00 00 00 00 00-00 00 00 00 00 00 00 00 [...............
00:15:24.942179 00000000024f65d0/0030: 00 00 00 00 00 00 00 00-00 00 00 00 00 00 00 00 ................
00:15:24.942184 00000000024f65e0/0040: 00 00 00 00 00 00 00 00-00 00 00 00 00 00 00 00 ................
00:15:24.942190 00000000024f65f0/0050: 00 00 00 00 00 00 00 00-00 00 00 00 00 00 00 00 ................
00:15:24.942195 00000000024f6600/0060: 00 00 00 00 00 00 00 00-00 00 00 00 00 00 00 00 ................
00:15:24.942200 00000000024f6610/0070: 00 00 00 00 00 00 00 00-00 00 00 00 00 00 00 00 ................
00:15:24.942206 00000000024f6620/0080: 00 00 00 00 00 00 00 00-00 00 00 00 00 00 00 00 ................
00:15:24.942211 00000000024f6630/0090: 00 00 00 00 00 00 00 00-00 00 00 00 00 00 00 00 ................
00:15:24.942217 00000000024f6640/00a0: 00 00 00 00 00 00 00 00-00 00 00 00 00 00 00 00 ................
00:15:24.942222 00000000024f6650/00b0: 00 00 00 00 00 00 00 00-00 00 00 00 00 00 00 00 ................
00:15:24.942227 00000000024f6660/00c0: 00 00 00 00 00 00 00 00-00 00 00 00 00 00 00 00 ................
00:15:24.942233 00000000024f6670/00d0: 00 00 00 00 00 00 00 00-00 00 00 00 00 00 00 00 ................
00:15:24.942238 00000000024f6680/00e0: 00 00 00 00 00 00 00 00-00 00 00 00 63 82 53 63 ............c.Sc
00:15:24.942243 00000000024f6690/00f0: 36 04 c0 a8 66 02 35 01-05 01 04 ff ff ff 00 33 6...f.5........3
00:15:24.942250 00000000024f66a0/0100: 04 00 00 02 58 ff 00 00-00 00 00 00 00 00 00 00 ....X...........
00:15:24.942256 00000000024f66b0/0110: 00 00 00 00 00 00 00 00-00 00 00 00 00 00 00 00 ................
00:15:24.942261 00000000024f66c0/0120: 00 00 00 00 00 00 00 00-00 00 00 00 00 00 00 00 ................
00:15:24.942267 00000000024f66d0/0130: 00 00 00 00 00 00 00 00-00 00 00 00 00 00 00 00 ................
00:15:24.942272 00000000024f66e0/0140: 00 00 00 00 00 00 00 00-00 00 00 00 00 00 00 00 ................
00:15:24.942277 00000000024f66f0/0150: 00 00 00 00 00 00 00 00-00 00 00 00 00 00 00 00 ................
00:15:24.942283 00000000024f6700/0160: 00 00 00 00 00 00 00 00-00 00 00 00 00 00 00 00 ................
00:15:24.942288 00000000024f6710/0170: 00 00 00 00 00 00 00 00-00 00 00 00 00 00 00 00 ................
00:15:24.942294 00000000024f6720/0180: 00 00 00 00 00 00 00 00-00 00 00 00 00 00 00 00 ................
00:15:24.942299 00000000024f6730/0190: 00 00 00 00 00 00 00 00-00 00 00 00 00 00 00 00 ................
00:15:24.942304 00000000024f6740/01a0: 00 00 00 00 00 00 00 00-00 00 00 00 00 00 00 00 ................
00:15:24.942310 00000000024f6750/01b0: 00 00 00 00 00 00 00 00-00 00 00 00 00 00 00 00 ................
00:15:24.942315 00000000024f6760/01c0: 00 00 00 00 00 00 00 00-00 00 00 00 00 00 00 00 ................
00:15:24.942320 00000000024f6770/01d0: 00 00 00 00 00 00 00 00-00 00 00 00 00 00 00 00 ................
00:15:24.942325 00000000024f6780/01e0: 00 00 00 00 00 00 00 00-00 00 00 00 00 00 00 00 ................
00:15:24.942335 00000000024f6790/01f0: 00 00 00 00 00 00 00 00-00 00 00 00 00 00 00 00 ................
00:15:24.942341 00000000024f67a0/0200: 00 00 00 00 00 00 00 00-00 00 00 00 00 00 00 00 ................
00:15:24.942346 00000000024f67b0/0210: 00 00 00 00 00 00 00 00-00 00 00 00 00 00 00 00 ................
00:15:24.942368 00000000024f67c0/0220: 00 00 00 00                                     ....
00:20:24.948912 REQUEST xid 0xddbb4376 chaddr 08:00:27:b1:5b:17
00:20:24.948948  ciaddr 192.168.102.4
00:20:24.948958  client id: 01 08 00 27 b1 5b 17
00:20:24.948964  params { 1 2 6 12 15 26 28 121 3 33 40 41 42 119 249 252 17 }
00:20:24.949036   12: 'diego-VirtualBox'
00:20:24.949041   57: ff ff
00:20:24.949046 > allocateAddress to client [01:08:00:27:b1:5b:17] (08:00:27:b1:5b:17)
00:20:24.949053 > ... found existing binding 192.168.102.4 to [01:08:00:27:b1:5b:17] (08:00:27:b1:5b:17), acked, valid from 2021-01-06T14:20:56Z for 600s until 2021-01-06T14:30:56Z
00:20:24.949061 Lease time 600 secs (default)
00:20:24.949066 writing leases to C:\Users\Diego\.VirtualBox\HostInterfaceNetworking-VirtualBox Host-Only Ethernet Adapter #2-Dhcpd.leases
00:20:24.951869 >>> requested option 1 (SubnetMask)
00:20:24.951880 ... always supplied
00:20:24.951884 >>> requested option 2 (TimeOffset)
00:20:24.951888 ... not found
00:20:24.951892 >>> requested option 6 (DNSes)
00:20:24.951896 ... not found
00:20:24.951899 >>> requested option 12 (HostName)
00:20:24.951904 ... not found
00:20:24.951908 >>> requested option 15 (DomainName)
00:20:24.951911 ... not found
00:20:24.951915 >>> requested option 26 (InterfaceMTU)
00:20:24.951919 ... not found
00:20:24.951923 >>> requested option 28 (BroadcastAddress)
00:20:24.951927 ... not found
00:20:24.951931 >>> requested option 121 (unknown)
00:20:24.951935 ... not found
00:20:24.951939 >>> requested option 3 (Routers)
00:20:24.951942 ... not found
00:20:24.951946 >>> requested option 33 (StaticRoute)
00:20:24.951950 ... not found
00:20:24.951954 >>> requested option 40 (NISDomain)
00:20:24.951958 ... not found
00:20:24.951962 >>> requested option 41 (NISServers)
00:20:24.951979 ... not found
00:20:24.951982 >>> requested option 42 (NTPServers)
00:20:24.951986 ... not found
00:20:24.952009 >>> requested option 119 (DomainSearch)
00:20:24.952013 ... not found
00:20:24.952016 >>> requested option 249 (unknown)
00:20:24.952020 ... not found
00:20:24.952024 >>> requested option 252 (unknown)
00:20:24.952028 ... not found
00:20:24.952032 >>> requested option 17 (RootPath)
00:20:24.952035 ... not found
00:20:24.952056 encoding option 1 (SubnetMask)
00:20:24.952060 encoding option 51 (LeaseTime)
00:20:24.952065 ACK xid 0xddbb4376 chaddr 08:00:27:b1:5b:17
00:20:24.952081  ciaddr 192.168.102.4 yiaddr 192.168.102.4
00:20:24.952092 encoded message: 548 bytes
00:20:24.952093 00000000024f5f10/0000: 02 01 06 00 76 43 bb dd-00 00 00 00 c0 a8 66 04 ....vC........f.
00:20:24.952095 00000000024f5f20/0010: c0 a8 66 04 00 00 00 00-00 00 00 00 08 00 27 b1 ..f...........'.
00:20:24.952096 00000000024f5f30/0020: 5b 17 00 00 00 00 00 00-00 00 00 00 00 00 00 00 [...............
00:20:24.952097 00000000024f5f40/0030: 00 00 00 00 00 00 00 00-00 00 00 00 00 00 00 00 ................
00:20:24.952098 00000000024f5f50/0040: 00 00 00 00 00 00 00 00-00 00 00 00 00 00 00 00 ................
00:20:24.952099 00000000024f5f60/0050: 00 00 00 00 00 00 00 00-00 00 00 00 00 00 00 00 ................
00:20:24.952100 00000000024f5f70/0060: 00 00 00 00 00 00 00 00-00 00 00 00 00 00 00 00 ................
00:20:24.952101 00000000024f5f80/0070: 00 00 00 00 00 00 00 00-00 00 00 00 00 00 00 00 ................
00:20:24.952102 00000000024f5f90/0080: 00 00 00 00 00 00 00 00-00 00 00 00 00 00 00 00 ................
00:20:24.952103 00000000024f5fa0/0090: 00 00 00 00 00 00 00 00-00 00 00 00 00 00 00 00 ................
00:20:24.952104 00000000024f5fb0/00a0: 00 00 00 00 00 00 00 00-00 00 00 00 00 00 00 00 ................
00:20:24.952105 00000000024f5fc0/00b0: 00 00 00 00 00 00 00 00-00 00 00 00 00 00 00 00 ................
00:20:24.952106 00000000024f5fd0/00c0: 00 00 00 00 00 00 00 00-00 00 00 00 00 00 00 00 ................
00:20:24.952107 00000000024f5fe0/00d0: 00 00 00 00 00 00 00 00-00 00 00 00 00 00 00 00 ................
00:20:24.952108 00000000024f5ff0/00e0: 00 00 00 00 00 00 00 00-00 00 00 00 63 82 53 63 ............c.Sc
00:20:24.952109 00000000024f6000/00f0: 36 04 c0 a8 66 02 35 01-05 01 04 ff ff ff 00 33 6...f.5........3
00:20:24.952110 00000000024f6010/0100: 04 00 00 02 58 ff 00 00-00 00 00 00 00 00 00 00 ....X...........
00:20:24.952111 00000000024f6020/0110: 00 00 00 00 00 00 00 00-00 00 00 00 00 00 00 00 ................
00:20:24.952112 00000000024f6030/0120: 00 00 00 00 00 00 00 00-00 00 00 00 00 00 00 00 ................
00:20:24.952113 00000000024f6040/0130: 00 00 00 00 00 00 00 00-00 00 00 00 00 00 00 00 ................
00:20:24.952114 00000000024f6050/0140: 00 00 00 00 00 00 00 00-00 00 00 00 00 00 00 00 ................
00:20:24.952115 00000000024f6060/0150: 00 00 00 00 00 00 00 00-00 00 00 00 00 00 00 00 ................
00:20:24.952116 00000000024f6070/0160: 00 00 00 00 00 00 00 00-00 00 00 00 00 00 00 00 ................
00:20:24.952117 00000000024f6080/0170: 00 00 00 00 00 00 00 00-00 00 00 00 00 00 00 00 ................
00:20:24.952118 00000000024f6090/0180: 00 00 00 00 00 00 00 00-00 00 00 00 00 00 00 00 ................
00:20:24.952119 00000000024f60a0/0190: 00 00 00 00 00 00 00 00-00 00 00 00 00 00 00 00 ................
00:20:24.952120 00000000024f60b0/01a0: 00 00 00 00 00 00 00 00-00 00 00 00 00 00 00 00 ................
00:20:24.952121 00000000024f60c0/01b0: 00 00 00 00 00 00 00 00-00 00 00 00 00 00 00 00 ................
00:20:24.952122 00000000024f60d0/01c0: 00 00 00 00 00 00 00 00-00 00 00 00 00 00 00 00 ................
00:20:24.952123 00000000024f60e0/01d0: 00 00 00 00 00 00 00 00-00 00 00 00 00 00 00 00 ................
00:20:24.952124 00000000024f60f0/01e0: 00 00 00 00 00 00 00 00-00 00 00 00 00 00 00 00 ................
00:20:24.952125 00000000024f6100/01f0: 00 00 00 00 00 00 00 00-00 00 00 00 00 00 00 00 ................
00:20:24.952126 00000000024f6110/0200: 00 00 00 00 00 00 00 00-00 00 00 00 00 00 00 00 ................
00:20:24.952127 00000000024f6120/0210: 00 00 00 00 00 00 00 00-00 00 00 00 00 00 00 00 ................
00:20:24.952128 00000000024f6130/0220: 00 00 00 00                                     ....
00:25:24.951921 REQUEST xid 0x3de2cd59 chaddr 08:00:27:b1:5b:17
00:25:24.952096  ciaddr 192.168.102.4
00:25:24.952129  client id: 01 08 00 27 b1 5b 17
00:25:24.952150  params { 1 2 6 12 15 26 28 121 3 33 40 41 42 119 249 252 17 }
00:25:24.952395   12: 'diego-VirtualBox'
00:25:24.952411   57: ff ff
00:25:24.952434 > allocateAddress to client [01:08:00:27:b1:5b:17] (08:00:27:b1:5b:17)
00:25:24.952459 > ... found existing binding 192.168.102.4 to [01:08:00:27:b1:5b:17] (08:00:27:b1:5b:17), acked, valid from 2021-01-06T14:25:56Z for 600s until 2021-01-06T14:35:56Z
00:25:24.952486 Lease time 600 secs (default)
00:25:24.952506 writing leases to C:\Users\Diego\.VirtualBox\HostInterfaceNetworking-VirtualBox Host-Only Ethernet Adapter #2-Dhcpd.leases
00:25:24.958003 >>> requested option 1 (SubnetMask)
00:25:24.958035 ... always supplied
00:25:24.958052 >>> requested option 2 (TimeOffset)
00:25:24.958068 ... not found
00:25:24.958082 >>> requested option 6 (DNSes)
00:25:24.958096 ... not found
00:25:24.958110 >>> requested option 12 (HostName)
00:25:24.958125 ... not found
00:25:24.958138 >>> requested option 15 (DomainName)
00:25:24.958152 ... not found
00:25:24.958165 >>> requested option 26 (InterfaceMTU)
00:25:24.958179 ... not found
00:25:24.958192 >>> requested option 28 (BroadcastAddress)
00:25:24.958206 ... not found
00:25:24.958219 >>> requested option 121 (unknown)
00:25:24.958233 ... not found
00:25:24.958246 >>> requested option 3 (Routers)
00:25:24.958260 ... not found
00:25:24.958273 >>> requested option 33 (StaticRoute)
00:25:24.958287 ... not found
00:25:24.958300 >>> requested option 40 (NISDomain)
00:25:24.958314 ... not found
00:25:24.958327 >>> requested option 41 (NISServers)
00:25:24.958340 ... not found
00:25:24.958357 >>> requested option 42 (NTPServers)
00:25:24.958371 ... not found
00:25:24.958384 >>> requested option 119 (DomainSearch)
00:25:24.958398 ... not found
00:25:24.958412 >>> requested option 249 (unknown)
00:25:24.958425 ... not found
00:25:24.958438 >>> requested option 252 (unknown)
00:25:24.958452 ... not found
00:25:24.958466 >>> requested option 17 (RootPath)
00:25:24.958481 ... not found
00:25:24.958502 encoding option 1 (SubnetMask)
00:25:24.958518 encoding option 51 (LeaseTime)
00:25:24.958535 ACK xid 0x3de2cd59 chaddr 08:00:27:b1:5b:17
00:25:24.958580  ciaddr 192.168.102.4 yiaddr 192.168.102.4
00:25:24.958622 encoded message: 548 bytes
00:25:24.958625 00000000024f6e60/0000: 02 01 06 00 59 cd e2 3d-00 00 00 00 c0 a8 66 04 ....Y..=......f.
00:25:24.958631 00000000024f6e70/0010: c0 a8 66 04 00 00 00 00-00 00 00 00 08 00 27 b1 ..f...........'.
00:25:24.958635 00000000024f6e80/0020: 5b 17 00 00 00 00 00 00-00 00 00 00 00 00 00 00 [...............
00:25:24.958639 00000000024f6e90/0030: 00 00 00 00 00 00 00 00-00 00 00 00 00 00 00 00 ................
00:25:24.958643 00000000024f6ea0/0040: 00 00 00 00 00 00 00 00-00 00 00 00 00 00 00 00 ................
00:25:24.958646 00000000024f6eb0/0050: 00 00 00 00 00 00 00 00-00 00 00 00 00 00 00 00 ................
00:25:24.958650 00000000024f6ec0/0060: 00 00 00 00 00 00 00 00-00 00 00 00 00 00 00 00 ................
00:25:24.958654 00000000024f6ed0/0070: 00 00 00 00 00 00 00 00-00 00 00 00 00 00 00 00 ................
00:25:24.958657 00000000024f6ee0/0080: 00 00 00 00 00 00 00 00-00 00 00 00 00 00 00 00 ................
00:25:24.958661 00000000024f6ef0/0090: 00 00 00 00 00 00 00 00-00 00 00 00 00 00 00 00 ................
00:25:24.958665 00000000024f6f00/00a0: 00 00 00 00 00 00 00 00-00 00 00 00 00 00 00 00 ................
00:25:24.958668 00000000024f6f10/00b0: 00 00 00 00 00 00 00 00-00 00 00 00 00 00 00 00 ................
00:25:24.958672 00000000024f6f20/00c0: 00 00 00 00 00 00 00 00-00 00 00 00 00 00 00 00 ................
00:25:24.958675 00000000024f6f30/00d0: 00 00 00 00 00 00 00 00-00 00 00 00 00 00 00 00 ................
00:25:24.958679 00000000024f6f40/00e0: 00 00 00 00 00 00 00 00-00 00 00 00 63 82 53 63 ............c.Sc
00:25:24.958683 00000000024f6f50/00f0: 36 04 c0 a8 66 02 35 01-05 01 04 ff ff ff 00 33 6...f.5........3
00:25:24.958687 00000000024f6f60/0100: 04 00 00 02 58 ff 00 00-00 00 00 00 00 00 00 00 ....X...........
00:25:24.958691 00000000024f6f70/0110: 00 00 00 00 00 00 00 00-00 00 00 00 00 00 00 00 ................
00:25:24.958695 00000000024f6f80/0120: 00 00 00 00 00 00 00 00-00 00 00 00 00 00 00 00 ................
00:25:24.958698 00000000024f6f90/0130: 00 00 00 00 00 00 00 00-00 00 00 00 00 00 00 00 ................
00:25:24.958702 00000000024f6fa0/0140: 00 00 00 00 00 00 00 00-00 00 00 00 00 00 00 00 ................
00:25:24.958705 00000000024f6fb0/0150: 00 00 00 00 00 00 00 00-00 00 00 00 00 00 00 00 ................
00:25:24.958709 00000000024f6fc0/0160: 00 00 00 00 00 00 00 00-00 00 00 00 00 00 00 00 ................
00:25:24.958712 00000000024f6fd0/0170: 00 00 00 00 00 00 00 00-00 00 00 00 00 00 00 00 ................
00:25:24.958716 00000000024f6fe0/0180: 00 00 00 00 00 00 00 00-00 00 00 00 00 00 00 00 ................
00:25:24.958720 00000000024f6ff0/0190: 00 00 00 00 00 00 00 00-00 00 00 00 00 00 00 00 ................
00:25:24.958723 00000000024f7000/01a0: 00 00 00 00 00 00 00 00-00 00 00 00 00 00 00 00 ................
00:25:24.958727 00000000024f7010/01b0: 00 00 00 00 00 00 00 00-00 00 00 00 00 00 00 00 ................
00:25:24.958730 00000000024f7020/01c0: 00 00 00 00 00 00 00 00-00 00 00 00 00 00 00 00 ................
00:25:24.958734 00000000024f7030/01d0: 00 00 00 00 00 00 00 00-00 00 00 00 00 00 00 00 ................
00:25:24.958738 00000000024f7040/01e0: 00 00 00 00 00 00 00 00-00 00 00 00 00 00 00 00 ................
00:25:24.958741 00000000024f7050/01f0: 00 00 00 00 00 00 00 00-00 00 00 00 00 00 00 00 ................
00:25:24.958745 00000000024f7060/0200: 00 00 00 00 00 00 00 00-00 00 00 00 00 00 00 00 ................
00:25:24.958748 00000000024f7070/0210: 00 00 00 00 00 00 00 00-00 00 00 00 00 00 00 00 ................
00:25:24.958752 00000000024f7080/0220: 00 00 00 00                                     ....
00:30:24.945642 REQUEST xid 0x47715c8d chaddr 08:00:27:b1:5b:17
00:30:24.945711  ciaddr 192.168.102.4
00:30:24.945733  client id: 01 08 00 27 b1 5b 17
00:30:24.945747  params { 1 2 6 12 15 26 28 121 3 33 40 41 42 119 249 252 17 }
00:30:24.945918   12: 'diego-VirtualBox'
00:30:24.945929   57: ff ff
00:30:24.945945 > allocateAddress to client [01:08:00:27:b1:5b:17] (08:00:27:b1:5b:17)
00:30:24.945962 > ... found existing binding 192.168.102.4 to [01:08:00:27:b1:5b:17] (08:00:27:b1:5b:17), acked, valid from 2021-01-06T14:30:56Z for 600s until 2021-01-06T14:40:56Z
00:30:24.945983 Lease time 600 secs (default)
00:30:24.945997 writing leases to C:\Users\Diego\.VirtualBox\HostInterfaceNetworking-VirtualBox Host-Only Ethernet Adapter #2-Dhcpd.leases
00:30:24.949732 >>> requested option 1 (SubnetMask)
00:30:24.949743 ... always supplied
00:30:24.949747 >>> requested option 2 (TimeOffset)
00:30:24.949752 ... not found
00:30:24.949755 >>> requested option 6 (DNSes)
00:30:24.949759 ... not found
00:30:24.949763 >>> requested option 12 (HostName)
00:30:24.949767 ... not found
00:30:24.949770 >>> requested option 15 (DomainName)
00:30:24.949774 ... not found
00:30:24.949778 >>> requested option 26 (InterfaceMTU)
00:30:24.949781 ... not found
00:30:24.949785 >>> requested option 28 (BroadcastAddress)
00:30:24.949789 ... not found
00:30:24.949792 >>> requested option 121 (unknown)
00:30:24.949796 ... not found
00:30:24.949800 >>> requested option 3 (Routers)
00:30:24.949804 ... not found
00:30:24.949807 >>> requested option 33 (StaticRoute)
00:30:24.949811 ... not found
00:30:24.949814 >>> requested option 40 (NISDomain)
00:30:24.949818 ... not found
00:30:24.949822 >>> requested option 41 (NISServers)
00:30:24.949825 ... not found
00:30:24.949829 >>> requested option 42 (NTPServers)
00:30:24.949833 ... not found
00:30:24.949836 >>> requested option 119 (DomainSearch)
00:30:24.949840 ... not found
00:30:24.949844 >>> requested option 249 (unknown)
00:30:24.949847 ... not found
00:30:24.949851 >>> requested option 252 (unknown)
00:30:24.949855 ... not found
00:30:24.949858 >>> requested option 17 (RootPath)
00:30:24.949862 ... not found
00:30:24.949870 encoding option 1 (SubnetMask)
00:30:24.949874 encoding option 51 (LeaseTime)
00:30:24.949879 ACK xid 0x47715c8d chaddr 08:00:27:b1:5b:17
00:30:24.949894  ciaddr 192.168.102.4 yiaddr 192.168.102.4
00:30:24.949907 encoded message: 548 bytes
00:30:24.949908 00000000024f67d0/0000: 02 01 06 00 8d 5c 71 47-00 00 00 00 c0 a8 66 04 .....\qG......f.
00:30:24.949909 00000000024f67e0/0010: c0 a8 66 04 00 00 00 00-00 00 00 00 08 00 27 b1 ..f...........'.
00:30:24.949911 00000000024f67f0/0020: 5b 17 00 00 00 00 00 00-00 00 00 00 00 00 00 00 [...............
00:30:24.949912 00000000024f6800/0030: 00 00 00 00 00 00 00 00-00 00 00 00 00 00 00 00 ................
00:30:24.949913 00000000024f6810/0040: 00 00 00 00 00 00 00 00-00 00 00 00 00 00 00 00 ................
00:30:24.949914 00000000024f6820/0050: 00 00 00 00 00 00 00 00-00 00 00 00 00 00 00 00 ................
00:30:24.949915 00000000024f6830/0060: 00 00 00 00 00 00 00 00-00 00 00 00 00 00 00 00 ................
00:30:24.949916 00000000024f6840/0070: 00 00 00 00 00 00 00 00-00 00 00 00 00 00 00 00 ................
00:30:24.949917 00000000024f6850/0080: 00 00 00 00 00 00 00 00-00 00 00 00 00 00 00 00 ................
00:30:24.949918 00000000024f6860/0090: 00 00 00 00 00 00 00 00-00 00 00 00 00 00 00 00 ................
00:30:24.949919 00000000024f6870/00a0: 00 00 00 00 00 00 00 00-00 00 00 00 00 00 00 00 ................
00:30:24.949920 00000000024f6880/00b0: 00 00 00 00 00 00 00 00-00 00 00 00 00 00 00 00 ................
00:30:24.949921 00000000024f6890/00c0: 00 00 00 00 00 00 00 00-00 00 00 00 00 00 00 00 ................
00:30:24.949922 00000000024f68a0/00d0: 00 00 00 00 00 00 00 00-00 00 00 00 00 00 00 00 ................
00:30:24.949922 00000000024f68b0/00e0: 00 00 00 00 00 00 00 00-00 00 00 00 63 82 53 63 ............c.Sc
00:30:24.949923 00000000024f68c0/00f0: 36 04 c0 a8 66 02 35 01-05 01 04 ff ff ff 00 33 6...f.5........3
00:30:24.949925 00000000024f68d0/0100: 04 00 00 02 58 ff 00 00-00 00 00 00 00 00 00 00 ....X...........
00:30:24.949926 00000000024f68e0/0110: 00 00 00 00 00 00 00 00-00 00 00 00 00 00 00 00 ................
00:30:24.949927 00000000024f68f0/0120: 00 00 00 00 00 00 00 00-00 00 00 00 00 00 00 00 ................
00:30:24.949928 00000000024f6900/0130: 00 00 00 00 00 00 00 00-00 00 00 00 00 00 00 00 ................
00:30:24.949929 00000000024f6910/0140: 00 00 00 00 00 00 00 00-00 00 00 00 00 00 00 00 ................
00:30:24.949930 00000000024f6920/0150: 00 00 00 00 00 00 00 00-00 00 00 00 00 00 00 00 ................
00:30:24.949931 00000000024f6930/0160: 00 00 00 00 00 00 00 00-00 00 00 00 00 00 00 00 ................
00:30:24.949932 00000000024f6940/0170: 00 00 00 00 00 00 00 00-00 00 00 00 00 00 00 00 ................
00:30:24.949933 00000000024f6950/0180: 00 00 00 00 00 00 00 00-00 00 00 00 00 00 00 00 ................
00:30:24.949934 00000000024f6960/0190: 00 00 00 00 00 00 00 00-00 00 00 00 00 00 00 00 ................
00:30:24.949935 00000000024f6970/01a0: 00 00 00 00 00 00 00 00-00 00 00 00 00 00 00 00 ................
00:30:24.949936 00000000024f6980/01b0: 00 00 00 00 00 00 00 00-00 00 00 00 00 00 00 00 ................
00:30:24.949936 00000000024f6990/01c0: 00 00 00 00 00 00 00 00-00 00 00 00 00 00 00 00 ................
00:30:24.949937 00000000024f69a0/01d0: 00 00 00 00 00 00 00 00-00 00 00 00 00 00 00 00 ................
00:30:24.949938 00000000024f69b0/01e0: 00 00 00 00 00 00 00 00-00 00 00 00 00 00 00 00 ................
00:30:24.949939 00000000024f69c0/01f0: 00 00 00 00 00 00 00 00-00 00 00 00 00 00 00 00 ................
00:30:24.949940 00000000024f69d0/0200: 00 00 00 00 00 00 00 00-00 00 00 00 00 00 00 00 ................
00:30:24.949941 00000000024f69e0/0210: 00 00 00 00 00 00 00 00-00 00 00 00 00 00 00 00 ................
00:30:24.949942 00000000024f69f0/0220: 00 00 00 00                                     ....
00:35:24.931173 REQUEST xid 0x0eac906b chaddr 08:00:27:b1:5b:17
00:35:24.931250  ciaddr 192.168.102.4
00:35:24.931277  client id: 01 08 00 27 b1 5b 17
00:35:24.931294  params { 1 2 6 12 15 26 28 121 3 33 40 41 42 119 249 252 17 }
00:35:24.931503   12: 'diego-VirtualBox'
00:35:24.931516   57: ff ff
00:35:24.931534 > allocateAddress to client [01:08:00:27:b1:5b:17] (08:00:27:b1:5b:17)
00:35:24.931562 > ... found existing binding 192.168.102.4 to [01:08:00:27:b1:5b:17] (08:00:27:b1:5b:17), acked, valid from 2021-01-06T14:35:56Z for 600s until 2021-01-06T14:45:56Z
00:35:24.931591 Lease time 600 secs (default)
00:35:24.931608 writing leases to C:\Users\Diego\.VirtualBox\HostInterfaceNetworking-VirtualBox Host-Only Ethernet Adapter #2-Dhcpd.leases
00:35:24.936753 >>> requested option 1 (SubnetMask)
00:35:24.936780 ... always supplied
00:35:24.936793 >>> requested option 2 (TimeOffset)
00:35:24.936806 ... not found
00:35:24.936818 >>> requested option 6 (DNSes)
00:35:24.936830 ... not found
00:35:24.936841 >>> requested option 12 (HostName)
00:35:24.936853 ... not found
00:35:24.936864 >>> requested option 15 (DomainName)
00:35:24.936876 ... not found
00:35:24.936888 >>> requested option 26 (InterfaceMTU)
00:35:24.936900 ... not found
00:35:24.936911 >>> requested option 28 (BroadcastAddress)
00:35:24.936923 ... not found
00:35:24.936934 >>> requested option 121 (unknown)
00:35:24.936947 ... not found
00:35:24.936958 >>> requested option 3 (Routers)
00:35:24.936970 ... not found
00:35:24.936981 >>> requested option 33 (StaticRoute)
00:35:24.936993 ... not found
00:35:24.937004 >>> requested option 40 (NISDomain)
00:35:24.937016 ... not found
00:35:24.937028 >>> requested option 41 (NISServers)
00:35:24.937039 ... not found
00:35:24.937051 >>> requested option 42 (NTPServers)
00:35:24.937062 ... not found
00:35:24.937074 >>> requested option 119 (DomainSearch)
00:35:24.937086 ... not found
00:35:24.937097 >>> requested option 249 (unknown)
00:35:24.937109 ... not found
00:35:24.937120 >>> requested option 252 (unknown)
00:35:24.937132 ... not found
00:35:24.937143 >>> requested option 17 (RootPath)
00:35:24.937155 ... not found
00:35:24.937177 encoding option 1 (SubnetMask)
00:35:24.937190 encoding option 51 (LeaseTime)
00:35:24.937205 ACK xid 0x0eac906b chaddr 08:00:27:b1:5b:17
00:35:24.937243  ciaddr 192.168.102.4 yiaddr 192.168.102.4
00:35:24.937279 encoded message: 548 bytes
00:35:24.937282 00000000024f6c30/0000: 02 01 06 00 6b 90 ac 0e-00 00 00 00 c0 a8 66 04 ....k.........f.
00:35:24.937287 00000000024f6c40/0010: c0 a8 66 04 00 00 00 00-00 00 00 00 08 00 27 b1 ..f...........'.
00:35:24.937291 00000000024f6c50/0020: 5b 17 00 00 00 00 00 00-00 00 00 00 00 00 00 00 [...............
00:35:24.937294 00000000024f6c60/0030: 00 00 00 00 00 00 00 00-00 00 00 00 00 00 00 00 ................
00:35:24.937297 00000000024f6c70/0040: 00 00 00 00 00 00 00 00-00 00 00 00 00 00 00 00 ................
00:35:24.937300 00000000024f6c80/0050: 00 00 00 00 00 00 00 00-00 00 00 00 00 00 00 00 ................
00:35:24.937304 00000000024f6c90/0060: 00 00 00 00 00 00 00 00-00 00 00 00 00 00 00 00 ................
00:35:24.937307 00000000024f6ca0/0070: 00 00 00 00 00 00 00 00-00 00 00 00 00 00 00 00 ................
00:35:24.937310 00000000024f6cb0/0080: 00 00 00 00 00 00 00 00-00 00 00 00 00 00 00 00 ................
00:35:24.937313 00000000024f6cc0/0090: 00 00 00 00 00 00 00 00-00 00 00 00 00 00 00 00 ................
00:35:24.937316 00000000024f6cd0/00a0: 00 00 00 00 00 00 00 00-00 00 00 00 00 00 00 00 ................
00:35:24.937319 00000000024f6ce0/00b0: 00 00 00 00 00 00 00 00-00 00 00 00 00 00 00 00 ................
00:35:24.937322 00000000024f6cf0/00c0: 00 00 00 00 00 00 00 00-00 00 00 00 00 00 00 00 ................
00:35:24.937325 00000000024f6d00/00d0: 00 00 00 00 00 00 00 00-00 00 00 00 00 00 00 00 ................
00:35:24.937328 00000000024f6d10/00e0: 00 00 00 00 00 00 00 00-00 00 00 00 63 82 53 63 ............c.Sc
00:35:24.937331 00000000024f6d20/00f0: 36 04 c0 a8 66 02 35 01-05 01 04 ff ff ff 00 33 6...f.5........3
00:35:24.937335 00000000024f6d30/0100: 04 00 00 02 58 ff 00 00-00 00 00 00 00 00 00 00 ....X...........
00:35:24.937339 00000000024f6d40/0110: 00 00 00 00 00 00 00 00-00 00 00 00 00 00 00 00 ................
00:35:24.937342 00000000024f6d50/0120: 00 00 00 00 00 00 00 00-00 00 00 00 00 00 00 00 ................
00:35:24.937345 00000000024f6d60/0130: 00 00 00 00 00 00 00 00-00 00 00 00 00 00 00 00 ................
00:35:24.937348 00000000024f6d70/0140: 00 00 00 00 00 00 00 00-00 00 00 00 00 00 00 00 ................
00:35:24.937351 00000000024f6d80/0150: 00 00 00 00 00 00 00 00-00 00 00 00 00 00 00 00 ................
00:35:24.937354 00000000024f6d90/0160: 00 00 00 00 00 00 00 00-00 00 00 00 00 00 00 00 ................
00:35:24.937357 00000000024f6da0/0170: 00 00 00 00 00 00 00 00-00 00 00 00 00 00 00 00 ................
00:35:24.937360 00000000024f6db0/0180: 00 00 00 00 00 00 00 00-00 00 00 00 00 00 00 00 ................
00:35:24.937364 00000000024f6dc0/0190: 00 00 00 00 00 00 00 00-00 00 00 00 00 00 00 00 ................
00:35:24.937367 00000000024f6dd0/01a0: 00 00 00 00 00 00 00 00-00 00 00 00 00 00 00 00 ................
00:35:24.937370 00000000024f6de0/01b0: 00 00 00 00 00 00 00 00-00 00 00 00 00 00 00 00 ................
00:35:24.937373 00000000024f6df0/01c0: 00 00 00 00 00 00 00 00-00 00 00 00 00 00 00 00 ................
00:35:24.937376 00000000024f6e00/01d0: 00 00 00 00 00 00 00 00-00 00 00 00 00 00 00 00 ................
00:35:24.937379 00000000024f6e10/01e0: 00 00 00 00 00 00 00 00-00 00 00 00 00 00 00 00 ................
00:35:24.937382 00000000024f6e20/01f0: 00 00 00 00 00 00 00 00-00 00 00 00 00 00 00 00 ................
00:35:24.937385 00000000024f6e30/0200: 00 00 00 00 00 00 00 00-00 00 00 00 00 00 00 00 ................
00:35:24.937388 00000000024f6e40/0210: 00 00 00 00 00 00 00 00-00 00 00 00 00 00 00 00 ................
00:35:24.937391 00000000024f6e50/0220: 00 00 00 00                                     ....
